[33m[2024-07-06 11:06:30.217][0;39m [34mINFO [0;39m
                [[36msla-service[0;39m, [34mtraceId[0;39m=[31mNONE[0;39m, [34mspanId[0;39m=NONE] - Starting SlaApplication using Java 19.0.1 with PID 20477 (/Users/danaimunjemu/Downloads/sla-v3/target/classes started by danaimunjemu in /Users/danaimunjemu/Downloads/sla-v3)
[33m[2024-07-06 11:06:30.217][0;39m [39mDEBUG[0;39m
                [[36msla-service[0;39m, [39mtraceId[0;39m=[31mNONE[0;39m, [39mspanId[0;39m=NONE] - Running with Spring Boot v3.3.1, Spring v6.1.10
[33m[2024-07-06 11:06:30.217][0;39m [34mINFO [0;39m
                [[36msla-service[0;39m, [34mtraceId[0;39m=[31mNONE[0;39m, [34mspanId[0;39m=NONE] - No active profile set, falling back to 1 default profile: "default"
[33m[2024-07-06 11:06:30.676][0;39m [34mINFO [0;39m
                [[36msla-service[0;39m, [34mtraceId[0;39m=[31mNONE[0;39m, [34mspanId[0;39m=NONE] - Bootstrapping Spring Data JPA repositories in DEFAULT mode.
[33m[2024-07-06 11:06:30.687][0;39m [34mINFO [0;39m
                [[36msla-service[0;39m, [34mtraceId[0;39m=[31mNONE[0;39m, [34mspanId[0;39m=NONE] - Finished Spring Data repository scanning in 7 ms. Found 0 JPA repository interfaces.
[33m[2024-07-06 11:06:31.064][0;39m [34mINFO [0;39m
                [[36msla-service[0;39m, [34mtraceId[0;39m=[31mNONE[0;39m, [34mspanId[0;39m=NONE] - Tomcat initialized with port 8076 (http)
[33m[2024-07-06 11:06:31.082][0;39m [34mINFO [0;39m
                [[36msla-service[0;39m, [34mtraceId[0;39m=[31mNONE[0;39m, [34mspanId[0;39m=NONE] - Initializing ProtocolHandler ["http-nio-8076"]
[33m[2024-07-06 11:06:31.089][0;39m [34mINFO [0;39m
                [[36msla-service[0;39m, [34mtraceId[0;39m=[31mNONE[0;39m, [34mspanId[0;39m=NONE] - Starting service [Tomcat]
[33m[2024-07-06 11:06:31.090][0;39m [34mINFO [0;39m
                [[36msla-service[0;39m, [34mtraceId[0;39m=[31mNONE[0;39m, [34mspanId[0;39m=NONE] - Starting Servlet engine: [Apache Tomcat/10.1.25]
[33m[2024-07-06 11:06:31.227][0;39m [34mINFO [0;39m
                [[36msla-service[0;39m, [34mtraceId[0;39m=[31mNONE[0;39m, [34mspanId[0;39m=NONE] - Initializing Spring embedded WebApplicationContext
[33m[2024-07-06 11:06:31.228][0;39m [34mINFO [0;39m
                [[36msla-service[0;39m, [34mtraceId[0;39m=[31mNONE[0;39m, [34mspanId[0;39m=NONE] - Root WebApplicationContext: initialization completed in 990 ms
[33m[2024-07-06 11:06:31.393][0;39m [39mDEBUG[0;39m
                [[36msla-service[0;39m, [39mtraceId[0;39m=[31mNONE[0;39m, [39mspanId[0;39m=NONE] - Filter 'corsFilterConfig' configured for use
[33m[2024-07-06 11:06:31.455][0;39m [34mINFO [0;39m
                [[36msla-service[0;39m, [34mtraceId[0;39m=[31mNONE[0;39m, [34mspanId[0;39m=NONE] - HikariPool-1 - Starting...
[33m[2024-07-06 11:06:31.578][0;39m [34mINFO [0;39m
                [[36msla-service[0;39m, [34mtraceId[0;39m=[31mNONE[0;39m, [34mspanId[0;39m=NONE] - HikariPool-1 - Added connection org.postgresql.jdbc.PgConnection@24a3d414
[33m[2024-07-06 11:06:31.579][0;39m [34mINFO [0;39m
                [[36msla-service[0;39m, [34mtraceId[0;39m=[31mNONE[0;39m, [34mspanId[0;39m=NONE] - HikariPool-1 - Start completed.
[33m[2024-07-06 11:06:31.663][0;39m [34mINFO [0;39m
                [[36msla-service[0;39m, [34mtraceId[0;39m=[31mNONE[0;39m, [34mspanId[0;39m=NONE] - Set default schema name to public
[33m[2024-07-06 11:06:31.787][0;39m [34mINFO [0;39m
                [[36msla-service[0;39m, [34mtraceId[0;39m=[31mNONE[0;39m, [34mspanId[0;39m=NONE] - Reading resource: liquibase/changelogs/06-01-changelog.yaml
[33m[2024-07-06 11:06:31.853][0;39m [34mINFO [0;39m
                [[36msla-service[0;39m, [34mtraceId[0;39m=[31mNONE[0;39m, [34mspanId[0;39m=NONE] - Reading from public.databasechangelog
[33m[2024-07-06 11:06:31.899][0;39m [34mINFO [0;39m
                [[36msla-service[0;39m, [34mtraceId[0;39m=[31mNONE[0;39m, [34mspanId[0;39m=NONE] - Database is up to date, no changesets to execute
[33m[2024-07-06 11:06:31.901][0;39m [34mINFO [0;39m
                [[36msla-service[0;39m, [34mtraceId[0;39m=[31mNONE[0;39m, [34mspanId[0;39m=NONE] - Reading from public.databasechangelog
[33m[2024-07-06 11:06:31.905][0;39m [34mINFO [0;39m
                [[36msla-service[0;39m, [34mtraceId[0;39m=[31mNONE[0;39m, [34mspanId[0;39m=NONE] - UPDATE SUMMARY
[33m[2024-07-06 11:06:31.905][0;39m [34mINFO [0;39m
                [[36msla-service[0;39m, [34mtraceId[0;39m=[31mNONE[0;39m, [34mspanId[0;39m=NONE] - Run:                          0
[33m[2024-07-06 11:06:31.905][0;39m [34mINFO [0;39m
                [[36msla-service[0;39m, [34mtraceId[0;39m=[31mNONE[0;39m, [34mspanId[0;39m=NONE] - Previously run:               8
[33m[2024-07-06 11:06:31.905][0;39m [34mINFO [0;39m
                [[36msla-service[0;39m, [34mtraceId[0;39m=[31mNONE[0;39m, [34mspanId[0;39m=NONE] - Filtered out:                 0
[33m[2024-07-06 11:06:31.905][0;39m [34mINFO [0;39m
                [[36msla-service[0;39m, [34mtraceId[0;39m=[31mNONE[0;39m, [34mspanId[0;39m=NONE] - -------------------------------
[33m[2024-07-06 11:06:31.905][0;39m [34mINFO [0;39m
                [[36msla-service[0;39m, [34mtraceId[0;39m=[31mNONE[0;39m, [34mspanId[0;39m=NONE] - Total change sets:            8
[33m[2024-07-06 11:06:31.906][0;39m [34mINFO [0;39m
                [[36msla-service[0;39m, [34mtraceId[0;39m=[31mNONE[0;39m, [34mspanId[0;39m=NONE] - Update summary generated
[33m[2024-07-06 11:06:31.961][0;39m [34mINFO [0;39m
                [[36msla-service[0;39m, [34mtraceId[0;39m=[31mNONE[0;39m, [34mspanId[0;39m=NONE] - Successfully released change log lock
[33m[2024-07-06 11:06:31.967][0;39m [34mINFO [0;39m
                [[36msla-service[0;39m, [34mtraceId[0;39m=[31mNONE[0;39m, [34mspanId[0;39m=NONE] - Command execution complete
[33m[2024-07-06 11:06:32.016][0;39m [34mINFO [0;39m
                [[36msla-service[0;39m, [34mtraceId[0;39m=[31mNONE[0;39m, [34mspanId[0;39m=NONE] - HHH000204: Processing PersistenceUnitInfo [name: default]
[33m[2024-07-06 11:06:32.043][0;39m [34mINFO [0;39m
                [[36msla-service[0;39m, [34mtraceId[0;39m=[31mNONE[0;39m, [34mspanId[0;39m=NONE] - HHH000412: Hibernate ORM core version 6.5.2.Final
[33m[2024-07-06 11:06:32.058][0;39m [34mINFO [0;39m
                [[36msla-service[0;39m, [34mtraceId[0;39m=[31mNONE[0;39m, [34mspanId[0;39m=NONE] - HHH000026: Second-level cache disabled
[33m[2024-07-06 11:06:32.195][0;39m [34mINFO [0;39m
                [[36msla-service[0;39m, [34mtraceId[0;39m=[31mNONE[0;39m, [34mspanId[0;39m=NONE] - No LoadTimeWeaver setup: ignoring JPA class transformer
[33m[2024-07-06 11:06:32.691][0;39m [34mINFO [0;39m
                [[36msla-service[0;39m, [34mtraceId[0;39m=[31mNONE[0;39m, [34mspanId[0;39m=NONE] - HHH000489: No JTA platform available (set 'hibernate.transaction.jta.platform' to enable JTA platform integration)
[33m[2024-07-06 11:06:32.692][0;39m [34mINFO [0;39m
                [[36msla-service[0;39m, [34mtraceId[0;39m=[31mNONE[0;39m, [34mspanId[0;39m=NONE] - Initialized JPA EntityManagerFactory for persistence unit 'default'
[33m[2024-07-06 11:06:32.704][0;39m [31mWARN [0;39m
                [[36msla-service[0;39m, [31mtraceId[0;39m=[31mNONE[0;39m, [31mspanId[0;39m=NONE] - spring.jpa.open-in-view is enabled by default. Therefore, database queries may be performed during view rendering. Explicitly configure spring.jpa.open-in-view to disable this warning
[33m[2024-07-06 11:06:33.223][0;39m [34mINFO [0;39m
                [[36msla-service[0;39m, [34mtraceId[0;39m=[31mNONE[0;39m, [34mspanId[0;39m=NONE] - Exposing 16 endpoints beneath base path '/actuator'
[33m[2024-07-06 11:06:33.266][0;39m [34mINFO [0;39m
                [[36msla-service[0;39m, [34mtraceId[0;39m=[31mNONE[0;39m, [34mspanId[0;39m=NONE] - Starting ProtocolHandler ["http-nio-8076"]
[33m[2024-07-06 11:06:33.273][0;39m [34mINFO [0;39m
                [[36msla-service[0;39m, [34mtraceId[0;39m=[31mNONE[0;39m, [34mspanId[0;39m=NONE] - Tomcat started on port 8076 (http) with context path '/api/sla'
[33m[2024-07-06 11:06:33.283][0;39m [34mINFO [0;39m
                [[36msla-service[0;39m, [34mtraceId[0;39m=[31mNONE[0;39m, [34mspanId[0;39m=NONE] - Started SlaApplication in 3.244 seconds (process running for 3.635)
[33m[2024-07-06 11:06:33.405][0;39m [34mINFO [0;39m
                [[36msla-service[0;39m, [34mtraceId[0;39m=[31mNONE[0;39m, [34mspanId[0;39m=NONE] - Initializing Spring DispatcherServlet 'dispatcherServlet'
[33m[2024-07-06 11:06:33.405][0;39m [34mINFO [0;39m
                [[36msla-service[0;39m, [34mtraceId[0;39m=[31mNONE[0;39m, [34mspanId[0;39m=NONE] - Initializing Servlet 'dispatcherServlet'
[33m[2024-07-06 11:06:33.406][0;39m [34mINFO [0;39m
                [[36msla-service[0;39m, [34mtraceId[0;39m=[31mNONE[0;39m, [34mspanId[0;39m=NONE] - Completed initialization in 1 ms
[33m[2024-07-06 11:06:50.946][0;39m [34mINFO [0;39m
                [[36msla-service[0;39m, [34mtraceId[0;39m=[31mNONE[0;39m, [34mspanId[0;39m=NONE] - Closing JPA EntityManagerFactory for persistence unit 'default'
[33m[2024-07-06 11:06:50.950][0;39m [34mINFO [0;39m
                [[36msla-service[0;39m, [34mtraceId[0;39m=[31mNONE[0;39m, [34mspanId[0;39m=NONE] - HikariPool-1 - Shutdown initiated...
[33m[2024-07-06 11:06:50.954][0;39m [34mINFO [0;39m
                [[36msla-service[0;39m, [34mtraceId[0;39m=[31mNONE[0;39m, [34mspanId[0;39m=NONE] - HikariPool-1 - Shutdown completed.
[33m[2024-07-06 11:06:53.461][0;39m [34mINFO [0;39m
                [[36msla-service[0;39m, [34mtraceId[0;39m=[31mNONE[0;39m, [34mspanId[0;39m=NONE] - Starting SlaApplication using Java 19.0.1 with PID 20543 (/Users/danaimunjemu/Downloads/sla-v3/target/classes started by danaimunjemu in /Users/danaimunjemu/Downloads/sla-v3)
[33m[2024-07-06 11:06:53.462][0;39m [39mDEBUG[0;39m
                [[36msla-service[0;39m, [39mtraceId[0;39m=[31mNONE[0;39m, [39mspanId[0;39m=NONE] - Running with Spring Boot v3.3.1, Spring v6.1.10
[33m[2024-07-06 11:06:53.462][0;39m [34mINFO [0;39m
                [[36msla-service[0;39m, [34mtraceId[0;39m=[31mNONE[0;39m, [34mspanId[0;39m=NONE] - No active profile set, falling back to 1 default profile: "default"
[33m[2024-07-06 11:06:53.918][0;39m [34mINFO [0;39m
                [[36msla-service[0;39m, [34mtraceId[0;39m=[31mNONE[0;39m, [34mspanId[0;39m=NONE] - Bootstrapping Spring Data JPA repositories in DEFAULT mode.
[33m[2024-07-06 11:06:53.930][0;39m [34mINFO [0;39m
                [[36msla-service[0;39m, [34mtraceId[0;39m=[31mNONE[0;39m, [34mspanId[0;39m=NONE] - Finished Spring Data repository scanning in 7 ms. Found 0 JPA repository interfaces.
[33m[2024-07-06 11:06:54.301][0;39m [34mINFO [0;39m
                [[36msla-service[0;39m, [34mtraceId[0;39m=[31mNONE[0;39m, [34mspanId[0;39m=NONE] - Tomcat initialized with port 8076 (http)
[33m[2024-07-06 11:06:54.306][0;39m [34mINFO [0;39m
                [[36msla-service[0;39m, [34mtraceId[0;39m=[31mNONE[0;39m, [34mspanId[0;39m=NONE] - Initializing ProtocolHandler ["http-nio-8076"]
[33m[2024-07-06 11:06:54.307][0;39m [34mINFO [0;39m
                [[36msla-service[0;39m, [34mtraceId[0;39m=[31mNONE[0;39m, [34mspanId[0;39m=NONE] - Starting service [Tomcat]
[33m[2024-07-06 11:06:54.307][0;39m [34mINFO [0;39m
                [[36msla-service[0;39m, [34mtraceId[0;39m=[31mNONE[0;39m, [34mspanId[0;39m=NONE] - Starting Servlet engine: [Apache Tomcat/10.1.25]
[33m[2024-07-06 11:06:54.329][0;39m [34mINFO [0;39m
                [[36msla-service[0;39m, [34mtraceId[0;39m=[31mNONE[0;39m, [34mspanId[0;39m=NONE] - Initializing Spring embedded WebApplicationContext
[33m[2024-07-06 11:06:54.329][0;39m [34mINFO [0;39m
                [[36msla-service[0;39m, [34mtraceId[0;39m=[31mNONE[0;39m, [34mspanId[0;39m=NONE] - Root WebApplicationContext: initialization completed in 849 ms
[33m[2024-07-06 11:06:54.441][0;39m [39mDEBUG[0;39m
                [[36msla-service[0;39m, [39mtraceId[0;39m=[31mNONE[0;39m, [39mspanId[0;39m=NONE] - Filter 'corsFilterConfig' configured for use
[33m[2024-07-06 11:06:54.487][0;39m [34mINFO [0;39m
                [[36msla-service[0;39m, [34mtraceId[0;39m=[31mNONE[0;39m, [34mspanId[0;39m=NONE] - HikariPool-1 - Starting...
[33m[2024-07-06 11:06:54.601][0;39m [34mINFO [0;39m
                [[36msla-service[0;39m, [34mtraceId[0;39m=[31mNONE[0;39m, [34mspanId[0;39m=NONE] - HikariPool-1 - Added connection org.postgresql.jdbc.PgConnection@722b2728
[33m[2024-07-06 11:06:54.602][0;39m [34mINFO [0;39m
                [[36msla-service[0;39m, [34mtraceId[0;39m=[31mNONE[0;39m, [34mspanId[0;39m=NONE] - HikariPool-1 - Start completed.
[33m[2024-07-06 11:06:54.667][0;39m [34mINFO [0;39m
                [[36msla-service[0;39m, [34mtraceId[0;39m=[31mNONE[0;39m, [34mspanId[0;39m=NONE] - Set default schema name to public
[33m[2024-07-06 11:06:54.782][0;39m [34mINFO [0;39m
                [[36msla-service[0;39m, [34mtraceId[0;39m=[31mNONE[0;39m, [34mspanId[0;39m=NONE] - Reading resource: liquibase/changelogs/06-01-changelog.yaml
[33m[2024-07-06 11:06:54.855][0;39m [34mINFO [0;39m
                [[36msla-service[0;39m, [34mtraceId[0;39m=[31mNONE[0;39m, [34mspanId[0;39m=NONE] - Reading from public.databasechangelog
[33m[2024-07-06 11:06:54.891][0;39m [34mINFO [0;39m
                [[36msla-service[0;39m, [34mtraceId[0;39m=[31mNONE[0;39m, [34mspanId[0;39m=NONE] - Database is up to date, no changesets to execute
[33m[2024-07-06 11:06:54.896][0;39m [34mINFO [0;39m
                [[36msla-service[0;39m, [34mtraceId[0;39m=[31mNONE[0;39m, [34mspanId[0;39m=NONE] - Reading from public.databasechangelog
[33m[2024-07-06 11:06:54.901][0;39m [34mINFO [0;39m
                [[36msla-service[0;39m, [34mtraceId[0;39m=[31mNONE[0;39m, [34mspanId[0;39m=NONE] - UPDATE SUMMARY
[33m[2024-07-06 11:06:54.901][0;39m [34mINFO [0;39m
                [[36msla-service[0;39m, [34mtraceId[0;39m=[31mNONE[0;39m, [34mspanId[0;39m=NONE] - Run:                          0
[33m[2024-07-06 11:06:54.901][0;39m [34mINFO [0;39m
                [[36msla-service[0;39m, [34mtraceId[0;39m=[31mNONE[0;39m, [34mspanId[0;39m=NONE] - Previously run:               8
[33m[2024-07-06 11:06:54.901][0;39m [34mINFO [0;39m
                [[36msla-service[0;39m, [34mtraceId[0;39m=[31mNONE[0;39m, [34mspanId[0;39m=NONE] - Filtered out:                 0
[33m[2024-07-06 11:06:54.901][0;39m [34mINFO [0;39m
                [[36msla-service[0;39m, [34mtraceId[0;39m=[31mNONE[0;39m, [34mspanId[0;39m=NONE] - -------------------------------
[33m[2024-07-06 11:06:54.901][0;39m [34mINFO [0;39m
                [[36msla-service[0;39m, [34mtraceId[0;39m=[31mNONE[0;39m, [34mspanId[0;39m=NONE] - Total change sets:            8
[33m[2024-07-06 11:06:54.901][0;39m [34mINFO [0;39m
                [[36msla-service[0;39m, [34mtraceId[0;39m=[31mNONE[0;39m, [34mspanId[0;39m=NONE] - Update summary generated
[33m[2024-07-06 11:06:54.914][0;39m [34mINFO [0;39m
                [[36msla-service[0;39m, [34mtraceId[0;39m=[31mNONE[0;39m, [34mspanId[0;39m=NONE] - Successfully released change log lock
[33m[2024-07-06 11:06:54.915][0;39m [34mINFO [0;39m
                [[36msla-service[0;39m, [34mtraceId[0;39m=[31mNONE[0;39m, [34mspanId[0;39m=NONE] - Command execution complete
[33m[2024-07-06 11:06:54.960][0;39m [34mINFO [0;39m
                [[36msla-service[0;39m, [34mtraceId[0;39m=[31mNONE[0;39m, [34mspanId[0;39m=NONE] - HHH000204: Processing PersistenceUnitInfo [name: default]
[33m[2024-07-06 11:06:54.985][0;39m [34mINFO [0;39m
                [[36msla-service[0;39m, [34mtraceId[0;39m=[31mNONE[0;39m, [34mspanId[0;39m=NONE] - HHH000412: Hibernate ORM core version 6.5.2.Final
[33m[2024-07-06 11:06:54.999][0;39m [34mINFO [0;39m
                [[36msla-service[0;39m, [34mtraceId[0;39m=[31mNONE[0;39m, [34mspanId[0;39m=NONE] - HHH000026: Second-level cache disabled
[33m[2024-07-06 11:06:55.131][0;39m [34mINFO [0;39m
                [[36msla-service[0;39m, [34mtraceId[0;39m=[31mNONE[0;39m, [34mspanId[0;39m=NONE] - No LoadTimeWeaver setup: ignoring JPA class transformer
[33m[2024-07-06 11:06:55.626][0;39m [34mINFO [0;39m
                [[36msla-service[0;39m, [34mtraceId[0;39m=[31mNONE[0;39m, [34mspanId[0;39m=NONE] - HHH000489: No JTA platform available (set 'hibernate.transaction.jta.platform' to enable JTA platform integration)
[33m[2024-07-06 11:06:55.627][0;39m [34mINFO [0;39m
                [[36msla-service[0;39m, [34mtraceId[0;39m=[31mNONE[0;39m, [34mspanId[0;39m=NONE] - Initialized JPA EntityManagerFactory for persistence unit 'default'
[33m[2024-07-06 11:06:55.638][0;39m [31mWARN [0;39m
                [[36msla-service[0;39m, [31mtraceId[0;39m=[31mNONE[0;39m, [31mspanId[0;39m=NONE] - spring.jpa.open-in-view is enabled by default. Therefore, database queries may be performed during view rendering. Explicitly configure spring.jpa.open-in-view to disable this warning
[33m[2024-07-06 11:06:56.135][0;39m [34mINFO [0;39m
                [[36msla-service[0;39m, [34mtraceId[0;39m=[31mNONE[0;39m, [34mspanId[0;39m=NONE] - Exposing 16 endpoints beneath base path '/actuator'
[33m[2024-07-06 11:06:56.178][0;39m [34mINFO [0;39m
                [[36msla-service[0;39m, [34mtraceId[0;39m=[31mNONE[0;39m, [34mspanId[0;39m=NONE] - Starting ProtocolHandler ["http-nio-8076"]
[33m[2024-07-06 11:06:56.185][0;39m [34mINFO [0;39m
                [[36msla-service[0;39m, [34mtraceId[0;39m=[31mNONE[0;39m, [34mspanId[0;39m=NONE] - Tomcat started on port 8076 (http) with context path '/api/sla'
[33m[2024-07-06 11:06:56.194][0;39m [34mINFO [0;39m
                [[36msla-service[0;39m, [34mtraceId[0;39m=[31mNONE[0;39m, [34mspanId[0;39m=NONE] - Started SlaApplication in 2.898 seconds (process running for 3.259)
[33m[2024-07-06 11:06:56.724][0;39m [34mINFO [0;39m
                [[36msla-service[0;39m, [34mtraceId[0;39m=[31mNONE[0;39m, [34mspanId[0;39m=NONE] - Initializing Spring DispatcherServlet 'dispatcherServlet'
[33m[2024-07-06 11:06:56.724][0;39m [34mINFO [0;39m
                [[36msla-service[0;39m, [34mtraceId[0;39m=[31mNONE[0;39m, [34mspanId[0;39m=NONE] - Initializing Servlet 'dispatcherServlet'
[33m[2024-07-06 11:06:56.725][0;39m [34mINFO [0;39m
                [[36msla-service[0;39m, [34mtraceId[0;39m=[31mNONE[0;39m, [34mspanId[0;39m=NONE] - Completed initialization in 1 ms
[33m[2024-07-06 11:07:08.099][0;39m [34mINFO [0;39m
                [[36msla-service[0;39m, [34mtraceId[0;39m=[31mNONE[0;39m, [34mspanId[0;39m=NONE] - Closing JPA EntityManagerFactory for persistence unit 'default'
[33m[2024-07-06 11:07:08.102][0;39m [34mINFO [0;39m
                [[36msla-service[0;39m, [34mtraceId[0;39m=[31mNONE[0;39m, [34mspanId[0;39m=NONE] - HikariPool-1 - Shutdown initiated...
[33m[2024-07-06 11:07:08.105][0;39m [34mINFO [0;39m
                [[36msla-service[0;39m, [34mtraceId[0;39m=[31mNONE[0;39m, [34mspanId[0;39m=NONE] - HikariPool-1 - Shutdown completed.
[33m[2024-07-06 11:07:34.195][0;39m [34mINFO [0;39m
                [[36msla-service[0;39m, [34mtraceId[0;39m=[31mNONE[0;39m, [34mspanId[0;39m=NONE] - Starting SlaApplication using Java 19.0.1 with PID 20626 (/Users/danaimunjemu/Downloads/sla-v3/target/classes started by danaimunjemu in /Users/danaimunjemu/Downloads/sla-v3)
[33m[2024-07-06 11:07:34.196][0;39m [39mDEBUG[0;39m
                [[36msla-service[0;39m, [39mtraceId[0;39m=[31mNONE[0;39m, [39mspanId[0;39m=NONE] - Running with Spring Boot v3.3.1, Spring v6.1.10
[33m[2024-07-06 11:07:34.196][0;39m [34mINFO [0;39m
                [[36msla-service[0;39m, [34mtraceId[0;39m=[31mNONE[0;39m, [34mspanId[0;39m=NONE] - No active profile set, falling back to 1 default profile: "default"
[33m[2024-07-06 11:07:34.708][0;39m [34mINFO [0;39m
                [[36msla-service[0;39m, [34mtraceId[0;39m=[31mNONE[0;39m, [34mspanId[0;39m=NONE] - Bootstrapping Spring Data JPA repositories in DEFAULT mode.
[33m[2024-07-06 11:07:34.721][0;39m [34mINFO [0;39m
                [[36msla-service[0;39m, [34mtraceId[0;39m=[31mNONE[0;39m, [34mspanId[0;39m=NONE] - Finished Spring Data repository scanning in 9 ms. Found 0 JPA repository interfaces.
[33m[2024-07-06 11:07:35.155][0;39m [34mINFO [0;39m
                [[36msla-service[0;39m, [34mtraceId[0;39m=[31mNONE[0;39m, [34mspanId[0;39m=NONE] - Tomcat initialized with port 8076 (http)
[33m[2024-07-06 11:07:35.162][0;39m [34mINFO [0;39m
                [[36msla-service[0;39m, [34mtraceId[0;39m=[31mNONE[0;39m, [34mspanId[0;39m=NONE] - Initializing ProtocolHandler ["http-nio-8076"]
[33m[2024-07-06 11:07:35.162][0;39m [34mINFO [0;39m
                [[36msla-service[0;39m, [34mtraceId[0;39m=[31mNONE[0;39m, [34mspanId[0;39m=NONE] - Starting service [Tomcat]
[33m[2024-07-06 11:07:35.162][0;39m [34mINFO [0;39m
                [[36msla-service[0;39m, [34mtraceId[0;39m=[31mNONE[0;39m, [34mspanId[0;39m=NONE] - Starting Servlet engine: [Apache Tomcat/10.1.25]
[33m[2024-07-06 11:07:35.195][0;39m [34mINFO [0;39m
                [[36msla-service[0;39m, [34mtraceId[0;39m=[31mNONE[0;39m, [34mspanId[0;39m=NONE] - Initializing Spring embedded WebApplicationContext
[33m[2024-07-06 11:07:35.195][0;39m [34mINFO [0;39m
                [[36msla-service[0;39m, [34mtraceId[0;39m=[31mNONE[0;39m, [34mspanId[0;39m=NONE] - Root WebApplicationContext: initialization completed in 979 ms
[33m[2024-07-06 11:07:35.326][0;39m [39mDEBUG[0;39m
                [[36msla-service[0;39m, [39mtraceId[0;39m=[31mNONE[0;39m, [39mspanId[0;39m=NONE] - Filter 'corsFilterConfig' configured for use
[33m[2024-07-06 11:07:35.400][0;39m [34mINFO [0;39m
                [[36msla-service[0;39m, [34mtraceId[0;39m=[31mNONE[0;39m, [34mspanId[0;39m=NONE] - HikariPool-1 - Starting...
[33m[2024-07-06 11:07:35.641][0;39m [34mINFO [0;39m
                [[36msla-service[0;39m, [34mtraceId[0;39m=[31mNONE[0;39m, [34mspanId[0;39m=NONE] - HikariPool-1 - Added connection org.postgresql.jdbc.PgConnection@2bdcfcf
[33m[2024-07-06 11:07:35.642][0;39m [34mINFO [0;39m
                [[36msla-service[0;39m, [34mtraceId[0;39m=[31mNONE[0;39m, [34mspanId[0;39m=NONE] - HikariPool-1 - Start completed.
[33m[2024-07-06 11:07:35.733][0;39m [34mINFO [0;39m
                [[36msla-service[0;39m, [34mtraceId[0;39m=[31mNONE[0;39m, [34mspanId[0;39m=NONE] - Set default schema name to public
[33m[2024-07-06 11:07:35.875][0;39m [34mINFO [0;39m
                [[36msla-service[0;39m, [34mtraceId[0;39m=[31mNONE[0;39m, [34mspanId[0;39m=NONE] - Reading resource: liquibase/changelogs/06-01-changelog.yaml
[33m[2024-07-06 11:07:36.053][0;39m [34mINFO [0;39m
                [[36msla-service[0;39m, [34mtraceId[0;39m=[31mNONE[0;39m, [34mspanId[0;39m=NONE] - Reading from public.databasechangelog
[33m[2024-07-06 11:07:36.094][0;39m [34mINFO [0;39m
                [[36msla-service[0;39m, [34mtraceId[0;39m=[31mNONE[0;39m, [34mspanId[0;39m=NONE] - Database is up to date, no changesets to execute
[33m[2024-07-06 11:07:36.099][0;39m [34mINFO [0;39m
                [[36msla-service[0;39m, [34mtraceId[0;39m=[31mNONE[0;39m, [34mspanId[0;39m=NONE] - Reading from public.databasechangelog
[33m[2024-07-06 11:07:36.104][0;39m [34mINFO [0;39m
                [[36msla-service[0;39m, [34mtraceId[0;39m=[31mNONE[0;39m, [34mspanId[0;39m=NONE] - UPDATE SUMMARY
[33m[2024-07-06 11:07:36.104][0;39m [34mINFO [0;39m
                [[36msla-service[0;39m, [34mtraceId[0;39m=[31mNONE[0;39m, [34mspanId[0;39m=NONE] - Run:                          0
[33m[2024-07-06 11:07:36.104][0;39m [34mINFO [0;39m
                [[36msla-service[0;39m, [34mtraceId[0;39m=[31mNONE[0;39m, [34mspanId[0;39m=NONE] - Previously run:               8
[33m[2024-07-06 11:07:36.104][0;39m [34mINFO [0;39m
                [[36msla-service[0;39m, [34mtraceId[0;39m=[31mNONE[0;39m, [34mspanId[0;39m=NONE] - Filtered out:                 0
[33m[2024-07-06 11:07:36.104][0;39m [34mINFO [0;39m
                [[36msla-service[0;39m, [34mtraceId[0;39m=[31mNONE[0;39m, [34mspanId[0;39m=NONE] - -------------------------------
[33m[2024-07-06 11:07:36.104][0;39m [34mINFO [0;39m
                [[36msla-service[0;39m, [34mtraceId[0;39m=[31mNONE[0;39m, [34mspanId[0;39m=NONE] - Total change sets:            8
[33m[2024-07-06 11:07:36.104][0;39m [34mINFO [0;39m
                [[36msla-service[0;39m, [34mtraceId[0;39m=[31mNONE[0;39m, [34mspanId[0;39m=NONE] - Update summary generated
[33m[2024-07-06 11:07:36.129][0;39m [34mINFO [0;39m
                [[36msla-service[0;39m, [34mtraceId[0;39m=[31mNONE[0;39m, [34mspanId[0;39m=NONE] - Successfully released change log lock
[33m[2024-07-06 11:07:36.132][0;39m [34mINFO [0;39m
                [[36msla-service[0;39m, [34mtraceId[0;39m=[31mNONE[0;39m, [34mspanId[0;39m=NONE] - Command execution complete
[33m[2024-07-06 11:07:36.190][0;39m [34mINFO [0;39m
                [[36msla-service[0;39m, [34mtraceId[0;39m=[31mNONE[0;39m, [34mspanId[0;39m=NONE] - HHH000204: Processing PersistenceUnitInfo [name: default]
[33m[2024-07-06 11:07:36.223][0;39m [34mINFO [0;39m
                [[36msla-service[0;39m, [34mtraceId[0;39m=[31mNONE[0;39m, [34mspanId[0;39m=NONE] - HHH000412: Hibernate ORM core version 6.5.2.Final
[33m[2024-07-06 11:07:36.241][0;39m [34mINFO [0;39m
                [[36msla-service[0;39m, [34mtraceId[0;39m=[31mNONE[0;39m, [34mspanId[0;39m=NONE] - HHH000026: Second-level cache disabled
[33m[2024-07-06 11:07:36.406][0;39m [34mINFO [0;39m
                [[36msla-service[0;39m, [34mtraceId[0;39m=[31mNONE[0;39m, [34mspanId[0;39m=NONE] - No LoadTimeWeaver setup: ignoring JPA class transformer
[33m[2024-07-06 11:07:36.936][0;39m [34mINFO [0;39m
                [[36msla-service[0;39m, [34mtraceId[0;39m=[31mNONE[0;39m, [34mspanId[0;39m=NONE] - HHH000489: No JTA platform available (set 'hibernate.transaction.jta.platform' to enable JTA platform integration)
[33m[2024-07-06 11:07:36.938][0;39m [34mINFO [0;39m
                [[36msla-service[0;39m, [34mtraceId[0;39m=[31mNONE[0;39m, [34mspanId[0;39m=NONE] - Initialized JPA EntityManagerFactory for persistence unit 'default'
[33m[2024-07-06 11:07:36.950][0;39m [31mWARN [0;39m
                [[36msla-service[0;39m, [31mtraceId[0;39m=[31mNONE[0;39m, [31mspanId[0;39m=NONE] - spring.jpa.open-in-view is enabled by default. Therefore, database queries may be performed during view rendering. Explicitly configure spring.jpa.open-in-view to disable this warning
[33m[2024-07-06 11:07:37.463][0;39m [34mINFO [0;39m
                [[36msla-service[0;39m, [34mtraceId[0;39m=[31mNONE[0;39m, [34mspanId[0;39m=NONE] - Exposing 16 endpoints beneath base path '/actuator'
[33m[2024-07-06 11:07:37.508][0;39m [34mINFO [0;39m
                [[36msla-service[0;39m, [34mtraceId[0;39m=[31mNONE[0;39m, [34mspanId[0;39m=NONE] - Starting ProtocolHandler ["http-nio-8076"]
[33m[2024-07-06 11:07:37.515][0;39m [34mINFO [0;39m
                [[36msla-service[0;39m, [34mtraceId[0;39m=[31mNONE[0;39m, [34mspanId[0;39m=NONE] - Tomcat started on port 8076 (http) with context path '/api/sla'
[33m[2024-07-06 11:07:37.526][0;39m [34mINFO [0;39m
                [[36msla-service[0;39m, [34mtraceId[0;39m=[31mNONE[0;39m, [34mspanId[0;39m=NONE] - Started SlaApplication in 3.503 seconds (process running for 3.942)
[33m[2024-07-06 11:07:37.925][0;39m [34mINFO [0;39m
                [[36msla-service[0;39m, [34mtraceId[0;39m=[31mNONE[0;39m, [34mspanId[0;39m=NONE] - Initializing Spring DispatcherServlet 'dispatcherServlet'
[33m[2024-07-06 11:07:37.925][0;39m [34mINFO [0;39m
                [[36msla-service[0;39m, [34mtraceId[0;39m=[31mNONE[0;39m, [34mspanId[0;39m=NONE] - Initializing Servlet 'dispatcherServlet'
[33m[2024-07-06 11:07:37.926][0;39m [34mINFO [0;39m
                [[36msla-service[0;39m, [34mtraceId[0;39m=[31mNONE[0;39m, [34mspanId[0;39m=NONE] - Completed initialization in 1 ms
[33m[2024-07-06 11:36:11.782][0;39m [34mINFO [0;39m
                [[36msla-service[0;39m, [34mtraceId[0;39m=[31mNONE[0;39m, [34mspanId[0;39m=NONE] - Closing JPA EntityManagerFactory for persistence unit 'default'
[33m[2024-07-06 11:36:11.810][0;39m [34mINFO [0;39m
                [[36msla-service[0;39m, [34mtraceId[0;39m=[31mNONE[0;39m, [34mspanId[0;39m=NONE] - HikariPool-1 - Shutdown initiated...
[33m[2024-07-06 11:36:11.821][0;39m [34mINFO [0;39m
                [[36msla-service[0;39m, [34mtraceId[0;39m=[31mNONE[0;39m, [34mspanId[0;39m=NONE] - HikariPool-1 - Shutdown completed.
[33m[2024-07-06 11:36:15.561][0;39m [34mINFO [0;39m
                [[36msla-service[0;39m, [34mtraceId[0;39m=[31mNONE[0;39m, [34mspanId[0;39m=NONE] - Starting SlaApplication using Java 19.0.1 with PID 24694 (/Users/danaimunjemu/Downloads/sla-v3/target/classes started by danaimunjemu in /Users/danaimunjemu/Downloads/sla-v3)
[33m[2024-07-06 11:36:15.562][0;39m [39mDEBUG[0;39m
                [[36msla-service[0;39m, [39mtraceId[0;39m=[31mNONE[0;39m, [39mspanId[0;39m=NONE] - Running with Spring Boot v3.3.1, Spring v6.1.10
[33m[2024-07-06 11:36:15.562][0;39m [34mINFO [0;39m
                [[36msla-service[0;39m, [34mtraceId[0;39m=[31mNONE[0;39m, [34mspanId[0;39m=NONE] - No active profile set, falling back to 1 default profile: "default"
[33m[2024-07-06 11:36:16.088][0;39m [34mINFO [0;39m
                [[36msla-service[0;39m, [34mtraceId[0;39m=[31mNONE[0;39m, [34mspanId[0;39m=NONE] - Bootstrapping Spring Data JPA repositories in DEFAULT mode.
[33m[2024-07-06 11:36:16.100][0;39m [34mINFO [0;39m
                [[36msla-service[0;39m, [34mtraceId[0;39m=[31mNONE[0;39m, [34mspanId[0;39m=NONE] - Finished Spring Data repository scanning in 7 ms. Found 0 JPA repository interfaces.
[33m[2024-07-06 11:36:16.465][0;39m [34mINFO [0;39m
                [[36msla-service[0;39m, [34mtraceId[0;39m=[31mNONE[0;39m, [34mspanId[0;39m=NONE] - Tomcat initialized with port 8076 (http)
[33m[2024-07-06 11:36:16.472][0;39m [34mINFO [0;39m
                [[36msla-service[0;39m, [34mtraceId[0;39m=[31mNONE[0;39m, [34mspanId[0;39m=NONE] - Initializing ProtocolHandler ["http-nio-8076"]
[33m[2024-07-06 11:36:16.473][0;39m [34mINFO [0;39m
                [[36msla-service[0;39m, [34mtraceId[0;39m=[31mNONE[0;39m, [34mspanId[0;39m=NONE] - Starting service [Tomcat]
[33m[2024-07-06 11:36:16.473][0;39m [34mINFO [0;39m
                [[36msla-service[0;39m, [34mtraceId[0;39m=[31mNONE[0;39m, [34mspanId[0;39m=NONE] - Starting Servlet engine: [Apache Tomcat/10.1.25]
[33m[2024-07-06 11:36:16.500][0;39m [34mINFO [0;39m
                [[36msla-service[0;39m, [34mtraceId[0;39m=[31mNONE[0;39m, [34mspanId[0;39m=NONE] - Initializing Spring embedded WebApplicationContext
[33m[2024-07-06 11:36:16.500][0;39m [34mINFO [0;39m
                [[36msla-service[0;39m, [34mtraceId[0;39m=[31mNONE[0;39m, [34mspanId[0;39m=NONE] - Root WebApplicationContext: initialization completed in 917 ms
[33m[2024-07-06 11:36:16.622][0;39m [39mDEBUG[0;39m
                [[36msla-service[0;39m, [39mtraceId[0;39m=[31mNONE[0;39m, [39mspanId[0;39m=NONE] - Filter 'corsFilterConfig' configured for use
[33m[2024-07-06 11:36:16.679][0;39m [34mINFO [0;39m
                [[36msla-service[0;39m, [34mtraceId[0;39m=[31mNONE[0;39m, [34mspanId[0;39m=NONE] - HikariPool-1 - Starting...
[33m[2024-07-06 11:36:16.890][0;39m [34mINFO [0;39m
                [[36msla-service[0;39m, [34mtraceId[0;39m=[31mNONE[0;39m, [34mspanId[0;39m=NONE] - HikariPool-1 - Added connection org.postgresql.jdbc.PgConnection@52433946
[33m[2024-07-06 11:36:16.891][0;39m [34mINFO [0;39m
                [[36msla-service[0;39m, [34mtraceId[0;39m=[31mNONE[0;39m, [34mspanId[0;39m=NONE] - HikariPool-1 - Start completed.
[33m[2024-07-06 11:36:17.514][0;39m [34mINFO [0;39m
                [[36msla-service[0;39m, [34mtraceId[0;39m=[31mNONE[0;39m, [34mspanId[0;39m=NONE] - Set default schema name to public
[33m[2024-07-06 11:36:17.636][0;39m [34mINFO [0;39m
                [[36msla-service[0;39m, [34mtraceId[0;39m=[31mNONE[0;39m, [34mspanId[0;39m=NONE] - Reading resource: liquibase/changelogs/06-01-changelog.yaml
[33m[2024-07-06 11:36:17.831][0;39m [34mINFO [0;39m
                [[36msla-service[0;39m, [34mtraceId[0;39m=[31mNONE[0;39m, [34mspanId[0;39m=NONE] - Reading from public.databasechangelog
[33m[2024-07-06 11:36:17.870][0;39m [34mINFO [0;39m
                [[36msla-service[0;39m, [34mtraceId[0;39m=[31mNONE[0;39m, [34mspanId[0;39m=NONE] - Database is up to date, no changesets to execute
[33m[2024-07-06 11:36:17.872][0;39m [34mINFO [0;39m
                [[36msla-service[0;39m, [34mtraceId[0;39m=[31mNONE[0;39m, [34mspanId[0;39m=NONE] - Reading from public.databasechangelog
[33m[2024-07-06 11:36:17.878][0;39m [34mINFO [0;39m
                [[36msla-service[0;39m, [34mtraceId[0;39m=[31mNONE[0;39m, [34mspanId[0;39m=NONE] - UPDATE SUMMARY
[33m[2024-07-06 11:36:17.878][0;39m [34mINFO [0;39m
                [[36msla-service[0;39m, [34mtraceId[0;39m=[31mNONE[0;39m, [34mspanId[0;39m=NONE] - Run:                          0
[33m[2024-07-06 11:36:17.878][0;39m [34mINFO [0;39m
                [[36msla-service[0;39m, [34mtraceId[0;39m=[31mNONE[0;39m, [34mspanId[0;39m=NONE] - Previously run:               8
[33m[2024-07-06 11:36:17.878][0;39m [34mINFO [0;39m
                [[36msla-service[0;39m, [34mtraceId[0;39m=[31mNONE[0;39m, [34mspanId[0;39m=NONE] - Filtered out:                 0
[33m[2024-07-06 11:36:17.878][0;39m [34mINFO [0;39m
                [[36msla-service[0;39m, [34mtraceId[0;39m=[31mNONE[0;39m, [34mspanId[0;39m=NONE] - -------------------------------
[33m[2024-07-06 11:36:17.878][0;39m [34mINFO [0;39m
                [[36msla-service[0;39m, [34mtraceId[0;39m=[31mNONE[0;39m, [34mspanId[0;39m=NONE] - Total change sets:            8
[33m[2024-07-06 11:36:17.878][0;39m [34mINFO [0;39m
                [[36msla-service[0;39m, [34mtraceId[0;39m=[31mNONE[0;39m, [34mspanId[0;39m=NONE] - Update summary generated
[33m[2024-07-06 11:36:17.900][0;39m [34mINFO [0;39m
                [[36msla-service[0;39m, [34mtraceId[0;39m=[31mNONE[0;39m, [34mspanId[0;39m=NONE] - Successfully released change log lock
[33m[2024-07-06 11:36:17.902][0;39m [34mINFO [0;39m
                [[36msla-service[0;39m, [34mtraceId[0;39m=[31mNONE[0;39m, [34mspanId[0;39m=NONE] - Command execution complete
[33m[2024-07-06 11:36:17.955][0;39m [34mINFO [0;39m
                [[36msla-service[0;39m, [34mtraceId[0;39m=[31mNONE[0;39m, [34mspanId[0;39m=NONE] - HHH000204: Processing PersistenceUnitInfo [name: default]
[33m[2024-07-06 11:36:17.985][0;39m [34mINFO [0;39m
                [[36msla-service[0;39m, [34mtraceId[0;39m=[31mNONE[0;39m, [34mspanId[0;39m=NONE] - HHH000412: Hibernate ORM core version 6.5.2.Final
[33m[2024-07-06 11:36:18.002][0;39m [34mINFO [0;39m
                [[36msla-service[0;39m, [34mtraceId[0;39m=[31mNONE[0;39m, [34mspanId[0;39m=NONE] - HHH000026: Second-level cache disabled
[33m[2024-07-06 11:36:18.160][0;39m [34mINFO [0;39m
                [[36msla-service[0;39m, [34mtraceId[0;39m=[31mNONE[0;39m, [34mspanId[0;39m=NONE] - No LoadTimeWeaver setup: ignoring JPA class transformer
[33m[2024-07-06 11:36:18.681][0;39m [34mINFO [0;39m
                [[36msla-service[0;39m, [34mtraceId[0;39m=[31mNONE[0;39m, [34mspanId[0;39m=NONE] - HHH000489: No JTA platform available (set 'hibernate.transaction.jta.platform' to enable JTA platform integration)
[33m[2024-07-06 11:36:18.682][0;39m [34mINFO [0;39m
                [[36msla-service[0;39m, [34mtraceId[0;39m=[31mNONE[0;39m, [34mspanId[0;39m=NONE] - Initialized JPA EntityManagerFactory for persistence unit 'default'
[33m[2024-07-06 11:36:18.692][0;39m [31mWARN [0;39m
                [[36msla-service[0;39m, [31mtraceId[0;39m=[31mNONE[0;39m, [31mspanId[0;39m=NONE] - Exception encountered during context initialization - cancelling refresh attempt: org.springframework.beans.factory.UnsatisfiedDependencyException: Error creating bean with name 'webSocketService' defined in file [/Users/danaimunjemu/Downloads/sla-v3/target/classes/zw/co/afc/orbit/sla/service/WebSocketService.class]: Unsatisfied dependency expressed through constructor parameter 0: No qualifying bean of type 'org.springframework.messaging.simp.SimpMessagingTemplate' available: expected at least 1 bean which qualifies as autowire candidate. Dependency annotations: {}
[33m[2024-07-06 11:36:18.692][0;39m [34mINFO [0;39m
                [[36msla-service[0;39m, [34mtraceId[0;39m=[31mNONE[0;39m, [34mspanId[0;39m=NONE] - Closing JPA EntityManagerFactory for persistence unit 'default'
[33m[2024-07-06 11:36:18.693][0;39m [34mINFO [0;39m
                [[36msla-service[0;39m, [34mtraceId[0;39m=[31mNONE[0;39m, [34mspanId[0;39m=NONE] - HikariPool-1 - Shutdown initiated...
[33m[2024-07-06 11:36:18.695][0;39m [34mINFO [0;39m
                [[36msla-service[0;39m, [34mtraceId[0;39m=[31mNONE[0;39m, [34mspanId[0;39m=NONE] - HikariPool-1 - Shutdown completed.
[33m[2024-07-06 11:36:18.696][0;39m [34mINFO [0;39m
                [[36msla-service[0;39m, [34mtraceId[0;39m=[31mNONE[0;39m, [34mspanId[0;39m=NONE] - Stopping service [Tomcat]
[33m[2024-07-06 11:36:18.707][0;39m [34mINFO [0;39m
                [[36msla-service[0;39m, [34mtraceId[0;39m=[31mNONE[0;39m, [34mspanId[0;39m=NONE] - 

Error starting ApplicationContext. To display the condition evaluation report re-run your application with 'debug' enabled.
[33m[2024-07-06 11:36:18.717][0;39m [1;31mERROR[0;39m
                [[36msla-service[0;39m, [1;31mtraceId[0;39m=[31mNONE[0;39m, [1;31mspanId[0;39m=NONE] - 

***************************
APPLICATION FAILED TO START
***************************

Description:

Parameter 0 of constructor in zw.co.afc.orbit.sla.service.WebSocketService required a bean of type 'org.springframework.messaging.simp.SimpMessagingTemplate' that could not be found.


Action:

Consider defining a bean of type 'org.springframework.messaging.simp.SimpMessagingTemplate' in your configuration.

[33m[2024-07-06 11:36:46.367][0;39m [34mINFO [0;39m
                [[36msla-service[0;39m, [34mtraceId[0;39m=[31mNONE[0;39m, [34mspanId[0;39m=NONE] - Starting SlaApplication using Java 19.0.1 with PID 24715 (/Users/danaimunjemu/Downloads/sla-v3/target/classes started by danaimunjemu in /Users/danaimunjemu/Downloads/sla-v3)
[33m[2024-07-06 11:36:46.367][0;39m [39mDEBUG[0;39m
                [[36msla-service[0;39m, [39mtraceId[0;39m=[31mNONE[0;39m, [39mspanId[0;39m=NONE] - Running with Spring Boot v3.3.1, Spring v6.1.10
[33m[2024-07-06 11:36:46.367][0;39m [34mINFO [0;39m
                [[36msla-service[0;39m, [34mtraceId[0;39m=[31mNONE[0;39m, [34mspanId[0;39m=NONE] - No active profile set, falling back to 1 default profile: "default"
[33m[2024-07-06 11:36:46.932][0;39m [34mINFO [0;39m
                [[36msla-service[0;39m, [34mtraceId[0;39m=[31mNONE[0;39m, [34mspanId[0;39m=NONE] - Bootstrapping Spring Data JPA repositories in DEFAULT mode.
[33m[2024-07-06 11:36:46.947][0;39m [34mINFO [0;39m
                [[36msla-service[0;39m, [34mtraceId[0;39m=[31mNONE[0;39m, [34mspanId[0;39m=NONE] - Finished Spring Data repository scanning in 10 ms. Found 0 JPA repository interfaces.
[33m[2024-07-06 11:36:47.310][0;39m [34mINFO [0;39m
                [[36msla-service[0;39m, [34mtraceId[0;39m=[31mNONE[0;39m, [34mspanId[0;39m=NONE] - Tomcat initialized with port 8076 (http)
[33m[2024-07-06 11:36:47.315][0;39m [34mINFO [0;39m
                [[36msla-service[0;39m, [34mtraceId[0;39m=[31mNONE[0;39m, [34mspanId[0;39m=NONE] - Initializing ProtocolHandler ["http-nio-8076"]
[33m[2024-07-06 11:36:47.316][0;39m [34mINFO [0;39m
                [[36msla-service[0;39m, [34mtraceId[0;39m=[31mNONE[0;39m, [34mspanId[0;39m=NONE] - Starting service [Tomcat]
[33m[2024-07-06 11:36:47.316][0;39m [34mINFO [0;39m
                [[36msla-service[0;39m, [34mtraceId[0;39m=[31mNONE[0;39m, [34mspanId[0;39m=NONE] - Starting Servlet engine: [Apache Tomcat/10.1.25]
[33m[2024-07-06 11:36:47.340][0;39m [34mINFO [0;39m
                [[36msla-service[0;39m, [34mtraceId[0;39m=[31mNONE[0;39m, [34mspanId[0;39m=NONE] - Initializing Spring embedded WebApplicationContext
[33m[2024-07-06 11:36:47.340][0;39m [34mINFO [0;39m
                [[36msla-service[0;39m, [34mtraceId[0;39m=[31mNONE[0;39m, [34mspanId[0;39m=NONE] - Root WebApplicationContext: initialization completed in 947 ms
[33m[2024-07-06 11:36:47.470][0;39m [39mDEBUG[0;39m
                [[36msla-service[0;39m, [39mtraceId[0;39m=[31mNONE[0;39m, [39mspanId[0;39m=NONE] - Filter 'corsFilterConfig' configured for use
[33m[2024-07-06 11:36:47.521][0;39m [34mINFO [0;39m
                [[36msla-service[0;39m, [34mtraceId[0;39m=[31mNONE[0;39m, [34mspanId[0;39m=NONE] - HikariPool-1 - Starting...
[33m[2024-07-06 11:36:47.641][0;39m [34mINFO [0;39m
                [[36msla-service[0;39m, [34mtraceId[0;39m=[31mNONE[0;39m, [34mspanId[0;39m=NONE] - HikariPool-1 - Added connection org.postgresql.jdbc.PgConnection@778c2e7c
[33m[2024-07-06 11:36:47.641][0;39m [34mINFO [0;39m
                [[36msla-service[0;39m, [34mtraceId[0;39m=[31mNONE[0;39m, [34mspanId[0;39m=NONE] - HikariPool-1 - Start completed.
[33m[2024-07-06 11:36:47.724][0;39m [34mINFO [0;39m
                [[36msla-service[0;39m, [34mtraceId[0;39m=[31mNONE[0;39m, [34mspanId[0;39m=NONE] - Set default schema name to public
[33m[2024-07-06 11:36:47.851][0;39m [34mINFO [0;39m
                [[36msla-service[0;39m, [34mtraceId[0;39m=[31mNONE[0;39m, [34mspanId[0;39m=NONE] - Reading resource: liquibase/changelogs/06-01-changelog.yaml
[33m[2024-07-06 11:36:47.927][0;39m [34mINFO [0;39m
                [[36msla-service[0;39m, [34mtraceId[0;39m=[31mNONE[0;39m, [34mspanId[0;39m=NONE] - Reading from public.databasechangelog
[33m[2024-07-06 11:36:47.965][0;39m [34mINFO [0;39m
                [[36msla-service[0;39m, [34mtraceId[0;39m=[31mNONE[0;39m, [34mspanId[0;39m=NONE] - Database is up to date, no changesets to execute
[33m[2024-07-06 11:36:47.970][0;39m [34mINFO [0;39m
                [[36msla-service[0;39m, [34mtraceId[0;39m=[31mNONE[0;39m, [34mspanId[0;39m=NONE] - Reading from public.databasechangelog
[33m[2024-07-06 11:36:47.974][0;39m [34mINFO [0;39m
                [[36msla-service[0;39m, [34mtraceId[0;39m=[31mNONE[0;39m, [34mspanId[0;39m=NONE] - UPDATE SUMMARY
[33m[2024-07-06 11:36:47.974][0;39m [34mINFO [0;39m
                [[36msla-service[0;39m, [34mtraceId[0;39m=[31mNONE[0;39m, [34mspanId[0;39m=NONE] - Run:                          0
[33m[2024-07-06 11:36:47.974][0;39m [34mINFO [0;39m
                [[36msla-service[0;39m, [34mtraceId[0;39m=[31mNONE[0;39m, [34mspanId[0;39m=NONE] - Previously run:               8
[33m[2024-07-06 11:36:47.974][0;39m [34mINFO [0;39m
                [[36msla-service[0;39m, [34mtraceId[0;39m=[31mNONE[0;39m, [34mspanId[0;39m=NONE] - Filtered out:                 0
[33m[2024-07-06 11:36:47.974][0;39m [34mINFO [0;39m
                [[36msla-service[0;39m, [34mtraceId[0;39m=[31mNONE[0;39m, [34mspanId[0;39m=NONE] - -------------------------------
[33m[2024-07-06 11:36:47.974][0;39m [34mINFO [0;39m
                [[36msla-service[0;39m, [34mtraceId[0;39m=[31mNONE[0;39m, [34mspanId[0;39m=NONE] - Total change sets:            8
[33m[2024-07-06 11:36:47.974][0;39m [34mINFO [0;39m
                [[36msla-service[0;39m, [34mtraceId[0;39m=[31mNONE[0;39m, [34mspanId[0;39m=NONE] - Update summary generated
[33m[2024-07-06 11:36:47.988][0;39m [34mINFO [0;39m
                [[36msla-service[0;39m, [34mtraceId[0;39m=[31mNONE[0;39m, [34mspanId[0;39m=NONE] - Successfully released change log lock
[33m[2024-07-06 11:36:47.989][0;39m [34mINFO [0;39m
                [[36msla-service[0;39m, [34mtraceId[0;39m=[31mNONE[0;39m, [34mspanId[0;39m=NONE] - Command execution complete
[33m[2024-07-06 11:36:48.042][0;39m [34mINFO [0;39m
                [[36msla-service[0;39m, [34mtraceId[0;39m=[31mNONE[0;39m, [34mspanId[0;39m=NONE] - HHH000204: Processing PersistenceUnitInfo [name: default]
[33m[2024-07-06 11:36:48.069][0;39m [34mINFO [0;39m
                [[36msla-service[0;39m, [34mtraceId[0;39m=[31mNONE[0;39m, [34mspanId[0;39m=NONE] - HHH000412: Hibernate ORM core version 6.5.2.Final
[33m[2024-07-06 11:36:48.084][0;39m [34mINFO [0;39m
                [[36msla-service[0;39m, [34mtraceId[0;39m=[31mNONE[0;39m, [34mspanId[0;39m=NONE] - HHH000026: Second-level cache disabled
[33m[2024-07-06 11:36:48.233][0;39m [34mINFO [0;39m
                [[36msla-service[0;39m, [34mtraceId[0;39m=[31mNONE[0;39m, [34mspanId[0;39m=NONE] - No LoadTimeWeaver setup: ignoring JPA class transformer
[33m[2024-07-06 11:36:48.732][0;39m [34mINFO [0;39m
                [[36msla-service[0;39m, [34mtraceId[0;39m=[31mNONE[0;39m, [34mspanId[0;39m=NONE] - HHH000489: No JTA platform available (set 'hibernate.transaction.jta.platform' to enable JTA platform integration)
[33m[2024-07-06 11:36:48.733][0;39m [34mINFO [0;39m
                [[36msla-service[0;39m, [34mtraceId[0;39m=[31mNONE[0;39m, [34mspanId[0;39m=NONE] - Initialized JPA EntityManagerFactory for persistence unit 'default'
[33m[2024-07-06 11:36:48.745][0;39m [31mWARN [0;39m
                [[36msla-service[0;39m, [31mtraceId[0;39m=[31mNONE[0;39m, [31mspanId[0;39m=NONE] - spring.jpa.open-in-view is enabled by default. Therefore, database queries may be performed during view rendering. Explicitly configure spring.jpa.open-in-view to disable this warning
[33m[2024-07-06 11:36:49.379][0;39m [34mINFO [0;39m
                [[36msla-service[0;39m, [34mtraceId[0;39m=[31mNONE[0;39m, [34mspanId[0;39m=NONE] - Exposing 16 endpoints beneath base path '/actuator'
[33m[2024-07-06 11:36:49.427][0;39m [34mINFO [0;39m
                [[36msla-service[0;39m, [34mtraceId[0;39m=[31mNONE[0;39m, [34mspanId[0;39m=NONE] - Starting ProtocolHandler ["http-nio-8076"]
[33m[2024-07-06 11:36:49.434][0;39m [34mINFO [0;39m
                [[36msla-service[0;39m, [34mtraceId[0;39m=[31mNONE[0;39m, [34mspanId[0;39m=NONE] - Tomcat started on port 8076 (http) with context path '/api/sla'
[33m[2024-07-06 11:36:49.447][0;39m [34mINFO [0;39m
                [[36msla-service[0;39m, [34mtraceId[0;39m=[31mNONE[0;39m, [34mspanId[0;39m=NONE] - Started SlaApplication in 3.276 seconds (process running for 3.714)
[33m[2024-07-06 11:36:49.632][0;39m [34mINFO [0;39m
                [[36msla-service[0;39m, [34mtraceId[0;39m=[31mNONE[0;39m, [34mspanId[0;39m=NONE] - Initializing Spring DispatcherServlet 'dispatcherServlet'
[33m[2024-07-06 11:36:49.632][0;39m [34mINFO [0;39m
                [[36msla-service[0;39m, [34mtraceId[0;39m=[31mNONE[0;39m, [34mspanId[0;39m=NONE] - Initializing Servlet 'dispatcherServlet'
[33m[2024-07-06 11:36:49.633][0;39m [34mINFO [0;39m
                [[36msla-service[0;39m, [34mtraceId[0;39m=[31mNONE[0;39m, [34mspanId[0;39m=NONE] - Completed initialization in 1 ms
[33m[2024-07-06 11:39:10.160][0;39m [34mINFO [0;39m
                [[36msla-service[0;39m, [34mtraceId[0;39m=[31mNONE[0;39m, [34mspanId[0;39m=NONE] - Closing JPA EntityManagerFactory for persistence unit 'default'
[33m[2024-07-06 11:39:10.204][0;39m [34mINFO [0;39m
                [[36msla-service[0;39m, [34mtraceId[0;39m=[31mNONE[0;39m, [34mspanId[0;39m=NONE] - HikariPool-1 - Shutdown initiated...
[33m[2024-07-06 11:39:10.211][0;39m [34mINFO [0;39m
                [[36msla-service[0;39m, [34mtraceId[0;39m=[31mNONE[0;39m, [34mspanId[0;39m=NONE] - HikariPool-1 - Shutdown completed.
[33m[2024-07-06 11:39:13.098][0;39m [34mINFO [0;39m
                [[36msla-service[0;39m, [34mtraceId[0;39m=[31mNONE[0;39m, [34mspanId[0;39m=NONE] - Starting SlaApplication using Java 19.0.1 with PID 24890 (/Users/danaimunjemu/Downloads/sla-v3/target/classes started by danaimunjemu in /Users/danaimunjemu/Downloads/sla-v3)
[33m[2024-07-06 11:39:13.098][0;39m [39mDEBUG[0;39m
                [[36msla-service[0;39m, [39mtraceId[0;39m=[31mNONE[0;39m, [39mspanId[0;39m=NONE] - Running with Spring Boot v3.3.1, Spring v6.1.10
[33m[2024-07-06 11:39:13.099][0;39m [34mINFO [0;39m
                [[36msla-service[0;39m, [34mtraceId[0;39m=[31mNONE[0;39m, [34mspanId[0;39m=NONE] - No active profile set, falling back to 1 default profile: "default"
[33m[2024-07-06 11:39:13.786][0;39m [34mINFO [0;39m
                [[36msla-service[0;39m, [34mtraceId[0;39m=[31mNONE[0;39m, [34mspanId[0;39m=NONE] - Bootstrapping Spring Data JPA repositories in DEFAULT mode.
[33m[2024-07-06 11:39:13.832][0;39m [34mINFO [0;39m
                [[36msla-service[0;39m, [34mtraceId[0;39m=[31mNONE[0;39m, [34mspanId[0;39m=NONE] - Finished Spring Data repository scanning in 17 ms. Found 0 JPA repository interfaces.
[33m[2024-07-06 11:39:14.289][0;39m [34mINFO [0;39m
                [[36msla-service[0;39m, [34mtraceId[0;39m=[31mNONE[0;39m, [34mspanId[0;39m=NONE] - Tomcat initialized with port 8076 (http)
[33m[2024-07-06 11:39:14.295][0;39m [34mINFO [0;39m
                [[36msla-service[0;39m, [34mtraceId[0;39m=[31mNONE[0;39m, [34mspanId[0;39m=NONE] - Initializing ProtocolHandler ["http-nio-8076"]
[33m[2024-07-06 11:39:14.296][0;39m [34mINFO [0;39m
                [[36msla-service[0;39m, [34mtraceId[0;39m=[31mNONE[0;39m, [34mspanId[0;39m=NONE] - Starting service [Tomcat]
[33m[2024-07-06 11:39:14.296][0;39m [34mINFO [0;39m
                [[36msla-service[0;39m, [34mtraceId[0;39m=[31mNONE[0;39m, [34mspanId[0;39m=NONE] - Starting Servlet engine: [Apache Tomcat/10.1.25]
[33m[2024-07-06 11:39:14.333][0;39m [34mINFO [0;39m
                [[36msla-service[0;39m, [34mtraceId[0;39m=[31mNONE[0;39m, [34mspanId[0;39m=NONE] - Initializing Spring embedded WebApplicationContext
[33m[2024-07-06 11:39:14.333][0;39m [34mINFO [0;39m
                [[36msla-service[0;39m, [34mtraceId[0;39m=[31mNONE[0;39m, [34mspanId[0;39m=NONE] - Root WebApplicationContext: initialization completed in 1206 ms
[33m[2024-07-06 11:39:14.466][0;39m [39mDEBUG[0;39m
                [[36msla-service[0;39m, [39mtraceId[0;39m=[31mNONE[0;39m, [39mspanId[0;39m=NONE] - Filter 'corsFilterConfig' configured for use
[33m[2024-07-06 11:39:14.530][0;39m [34mINFO [0;39m
                [[36msla-service[0;39m, [34mtraceId[0;39m=[31mNONE[0;39m, [34mspanId[0;39m=NONE] - HikariPool-1 - Starting...
[33m[2024-07-06 11:39:14.690][0;39m [34mINFO [0;39m
                [[36msla-service[0;39m, [34mtraceId[0;39m=[31mNONE[0;39m, [34mspanId[0;39m=NONE] - HikariPool-1 - Added connection org.postgresql.jdbc.PgConnection@4c030fe1
[33m[2024-07-06 11:39:14.691][0;39m [34mINFO [0;39m
                [[36msla-service[0;39m, [34mtraceId[0;39m=[31mNONE[0;39m, [34mspanId[0;39m=NONE] - HikariPool-1 - Start completed.
[33m[2024-07-06 11:39:14.784][0;39m [34mINFO [0;39m
                [[36msla-service[0;39m, [34mtraceId[0;39m=[31mNONE[0;39m, [34mspanId[0;39m=NONE] - Set default schema name to public
[33m[2024-07-06 11:39:14.910][0;39m [34mINFO [0;39m
                [[36msla-service[0;39m, [34mtraceId[0;39m=[31mNONE[0;39m, [34mspanId[0;39m=NONE] - Reading resource: liquibase/changelogs/06-01-changelog.yaml
[33m[2024-07-06 11:39:14.996][0;39m [34mINFO [0;39m
                [[36msla-service[0;39m, [34mtraceId[0;39m=[31mNONE[0;39m, [34mspanId[0;39m=NONE] - Reading from public.databasechangelog
[33m[2024-07-06 11:39:15.037][0;39m [34mINFO [0;39m
                [[36msla-service[0;39m, [34mtraceId[0;39m=[31mNONE[0;39m, [34mspanId[0;39m=NONE] - Database is up to date, no changesets to execute
[33m[2024-07-06 11:39:15.041][0;39m [34mINFO [0;39m
                [[36msla-service[0;39m, [34mtraceId[0;39m=[31mNONE[0;39m, [34mspanId[0;39m=NONE] - Reading from public.databasechangelog
[33m[2024-07-06 11:39:15.046][0;39m [34mINFO [0;39m
                [[36msla-service[0;39m, [34mtraceId[0;39m=[31mNONE[0;39m, [34mspanId[0;39m=NONE] - UPDATE SUMMARY
[33m[2024-07-06 11:39:15.046][0;39m [34mINFO [0;39m
                [[36msla-service[0;39m, [34mtraceId[0;39m=[31mNONE[0;39m, [34mspanId[0;39m=NONE] - Run:                          0
[33m[2024-07-06 11:39:15.046][0;39m [34mINFO [0;39m
                [[36msla-service[0;39m, [34mtraceId[0;39m=[31mNONE[0;39m, [34mspanId[0;39m=NONE] - Previously run:               8
[33m[2024-07-06 11:39:15.046][0;39m [34mINFO [0;39m
                [[36msla-service[0;39m, [34mtraceId[0;39m=[31mNONE[0;39m, [34mspanId[0;39m=NONE] - Filtered out:                 0
[33m[2024-07-06 11:39:15.046][0;39m [34mINFO [0;39m
                [[36msla-service[0;39m, [34mtraceId[0;39m=[31mNONE[0;39m, [34mspanId[0;39m=NONE] - -------------------------------
[33m[2024-07-06 11:39:15.046][0;39m [34mINFO [0;39m
                [[36msla-service[0;39m, [34mtraceId[0;39m=[31mNONE[0;39m, [34mspanId[0;39m=NONE] - Total change sets:            8
[33m[2024-07-06 11:39:15.046][0;39m [34mINFO [0;39m
                [[36msla-service[0;39m, [34mtraceId[0;39m=[31mNONE[0;39m, [34mspanId[0;39m=NONE] - Update summary generated
[33m[2024-07-06 11:39:15.071][0;39m [34mINFO [0;39m
                [[36msla-service[0;39m, [34mtraceId[0;39m=[31mNONE[0;39m, [34mspanId[0;39m=NONE] - Successfully released change log lock
[33m[2024-07-06 11:39:15.073][0;39m [34mINFO [0;39m
                [[36msla-service[0;39m, [34mtraceId[0;39m=[31mNONE[0;39m, [34mspanId[0;39m=NONE] - Command execution complete
[33m[2024-07-06 11:39:15.122][0;39m [34mINFO [0;39m
                [[36msla-service[0;39m, [34mtraceId[0;39m=[31mNONE[0;39m, [34mspanId[0;39m=NONE] - HHH000204: Processing PersistenceUnitInfo [name: default]
[33m[2024-07-06 11:39:15.153][0;39m [34mINFO [0;39m
                [[36msla-service[0;39m, [34mtraceId[0;39m=[31mNONE[0;39m, [34mspanId[0;39m=NONE] - HHH000412: Hibernate ORM core version 6.5.2.Final
[33m[2024-07-06 11:39:15.170][0;39m [34mINFO [0;39m
                [[36msla-service[0;39m, [34mtraceId[0;39m=[31mNONE[0;39m, [34mspanId[0;39m=NONE] - HHH000026: Second-level cache disabled
[33m[2024-07-06 11:39:15.315][0;39m [34mINFO [0;39m
                [[36msla-service[0;39m, [34mtraceId[0;39m=[31mNONE[0;39m, [34mspanId[0;39m=NONE] - No LoadTimeWeaver setup: ignoring JPA class transformer
[33m[2024-07-06 11:39:15.838][0;39m [34mINFO [0;39m
                [[36msla-service[0;39m, [34mtraceId[0;39m=[31mNONE[0;39m, [34mspanId[0;39m=NONE] - HHH000489: No JTA platform available (set 'hibernate.transaction.jta.platform' to enable JTA platform integration)
[33m[2024-07-06 11:39:15.840][0;39m [34mINFO [0;39m
                [[36msla-service[0;39m, [34mtraceId[0;39m=[31mNONE[0;39m, [34mspanId[0;39m=NONE] - Initialized JPA EntityManagerFactory for persistence unit 'default'
[33m[2024-07-06 11:39:15.852][0;39m [31mWARN [0;39m
                [[36msla-service[0;39m, [31mtraceId[0;39m=[31mNONE[0;39m, [31mspanId[0;39m=NONE] - spring.jpa.open-in-view is enabled by default. Therefore, database queries may be performed during view rendering. Explicitly configure spring.jpa.open-in-view to disable this warning
[33m[2024-07-06 11:39:16.501][0;39m [34mINFO [0;39m
                [[36msla-service[0;39m, [34mtraceId[0;39m=[31mNONE[0;39m, [34mspanId[0;39m=NONE] - Exposing 16 endpoints beneath base path '/actuator'
[33m[2024-07-06 11:39:16.552][0;39m [34mINFO [0;39m
                [[36msla-service[0;39m, [34mtraceId[0;39m=[31mNONE[0;39m, [34mspanId[0;39m=NONE] - Starting ProtocolHandler ["http-nio-8076"]
[33m[2024-07-06 11:39:16.559][0;39m [34mINFO [0;39m
                [[36msla-service[0;39m, [34mtraceId[0;39m=[31mNONE[0;39m, [34mspanId[0;39m=NONE] - Tomcat started on port 8076 (http) with context path '/api/sla'
[33m[2024-07-06 11:39:16.570][0;39m [34mINFO [0;39m
                [[36msla-service[0;39m, [34mtraceId[0;39m=[31mNONE[0;39m, [34mspanId[0;39m=NONE] - Started SlaApplication in 3.696 seconds (process running for 4.139)
[33m[2024-07-06 11:39:16.925][0;39m [34mINFO [0;39m
                [[36msla-service[0;39m, [34mtraceId[0;39m=[31mNONE[0;39m, [34mspanId[0;39m=NONE] - Initializing Spring DispatcherServlet 'dispatcherServlet'
[33m[2024-07-06 11:39:16.925][0;39m [34mINFO [0;39m
                [[36msla-service[0;39m, [34mtraceId[0;39m=[31mNONE[0;39m, [34mspanId[0;39m=NONE] - Initializing Servlet 'dispatcherServlet'
[33m[2024-07-06 11:39:16.927][0;39m [34mINFO [0;39m
                [[36msla-service[0;39m, [34mtraceId[0;39m=[31mNONE[0;39m, [34mspanId[0;39m=NONE] - Completed initialization in 2 ms
[33m[2024-07-06 11:41:04.211][0;39m [1;31mERROR[0;39m
                [[36msla-service[0;39m, [1;31mtraceId[0;39m=[31mNONE[0;39m, [1;31mspanId[0;39m=NONE] - Closing session due to exception for StandardWebSocketSession[id=62d448e4-3427-88b7-4ad2-d0dffb9eb1f0, uri=ws://localhost:8076/api/sla/stocks]
java.io.IOException: java.io.IOException: Broken pipe
	at org.apache.tomcat.websocket.WsRemoteEndpointImplBase.sendMessageBlockInternal(WsRemoteEndpointImplBase.java:326)
	at org.apache.tomcat.websocket.WsRemoteEndpointImplBase.sendMessageBlock(WsRemoteEndpointImplBase.java:266)
	at org.apache.tomcat.websocket.WsRemoteEndpointImplBase.sendMessageBlock(WsRemoteEndpointImplBase.java:250)
	at org.apache.tomcat.websocket.WsRemoteEndpointImplBase.sendPartialString(WsRemoteEndpointImplBase.java:223)
	at org.apache.tomcat.websocket.WsRemoteEndpointBasic.sendText(WsRemoteEndpointBasic.java:48)
	at org.springframework.web.socket.adapter.standard.StandardWebSocketSession.sendTextMessage(StandardWebSocketSession.java:217)
	at org.springframework.web.socket.adapter.AbstractWebSocketSession.sendMessage(AbstractWebSocketSession.java:108)
	at zw.co.afc.orbit.sla.service.TradeWebSocketHandler.afterConnectionEstablished(TradeWebSocketHandler.java:43)
	at org.springframework.web.socket.handler.WebSocketHandlerDecorator.afterConnectionEstablished(WebSocketHandlerDecorator.java:70)
	at org.springframework.web.socket.handler.LoggingWebSocketHandlerDecorator.afterConnectionEstablished(LoggingWebSocketHandlerDecorator.java:48)
	at org.springframework.web.socket.handler.ExceptionWebSocketHandlerDecorator.afterConnectionEstablished(ExceptionWebSocketHandlerDecorator.java:48)
	at org.springframework.web.socket.adapter.standard.StandardWebSocketHandlerAdapter.onOpen(StandardWebSocketHandlerAdapter.java:103)
	at org.apache.tomcat.websocket.server.WsHttpUpgradeHandler.init(WsHttpUpgradeHandler.java:131)
	at org.apache.coyote.AbstractProtocol$ConnectionHandler.process(AbstractProtocol.java:946)
	at org.apache.tomcat.util.net.NioEndpoint$SocketProcessor.doRun(NioEndpoint.java:1741)
	at org.apache.tomcat.util.net.SocketProcessorBase.run(SocketProcessorBase.java:52)
	at org.apache.tomcat.util.threads.ThreadPoolExecutor.runWorker(ThreadPoolExecutor.java:1190)
	at org.apache.tomcat.util.threads.ThreadPoolExecutor$Worker.run(ThreadPoolExecutor.java:659)
	at org.apache.tomcat.util.threads.TaskThread$WrappingRunnable.run(TaskThread.java:63)
	at java.base/java.lang.Thread.run(Thread.java:1589)
Caused by: java.io.IOException: Broken pipe
	at java.base/sun.nio.ch.FileDispatcherImpl.writev0(Native Method)
	at java.base/sun.nio.ch.SocketDispatcher.writev(SocketDispatcher.java:66)
	at java.base/sun.nio.ch.IOUtil.write(IOUtil.java:226)
	at java.base/sun.nio.ch.IOUtil.write(IOUtil.java:157)
	at java.base/sun.nio.ch.SocketChannelImpl.write(SocketChannelImpl.java:574)
	at org.apache.tomcat.util.net.NioChannel.write(NioChannel.java:134)
	at org.apache.tomcat.util.net.NioEndpoint$NioSocketWrapper$NioOperationState.run(NioEndpoint.java:1632)
	at org.apache.tomcat.util.net.SocketWrapperBase$OperationState.start(SocketWrapperBase.java:1051)
	at org.apache.tomcat.util.net.SocketWrapperBase.vectoredOperation(SocketWrapperBase.java:1440)
	at org.apache.tomcat.util.net.SocketWrapperBase.write(SocketWrapperBase.java:1366)
	at org.apache.tomcat.util.net.SocketWrapperBase.write(SocketWrapperBase.java:1337)
	at org.apache.tomcat.websocket.server.WsRemoteEndpointImplServer.doWrite(WsRemoteEndpointImplServer.java:171)
	at org.apache.tomcat.websocket.WsRemoteEndpointImplBase.writeMessagePart(WsRemoteEndpointImplBase.java:521)
	at org.apache.tomcat.websocket.WsRemoteEndpointImplBase.sendMessageBlockInternal(WsRemoteEndpointImplBase.java:313)
	... 19 common frames omitted
[33m[2024-07-06 11:51:04.748][0;39m [34mINFO [0;39m
                [[36msla-service[0;39m, [34mtraceId[0;39m=[31mNONE[0;39m, [34mspanId[0;39m=NONE] - Closing JPA EntityManagerFactory for persistence unit 'default'
[33m[2024-07-06 11:51:04.776][0;39m [34mINFO [0;39m
                [[36msla-service[0;39m, [34mtraceId[0;39m=[31mNONE[0;39m, [34mspanId[0;39m=NONE] - HikariPool-1 - Shutdown initiated...
[33m[2024-07-06 11:51:04.785][0;39m [34mINFO [0;39m
                [[36msla-service[0;39m, [34mtraceId[0;39m=[31mNONE[0;39m, [34mspanId[0;39m=NONE] - HikariPool-1 - Shutdown completed.
[33m[2024-07-06 11:51:07.993][0;39m [34mINFO [0;39m
                [[36msla-service[0;39m, [34mtraceId[0;39m=[31mNONE[0;39m, [34mspanId[0;39m=NONE] - Starting SlaApplication using Java 19.0.1 with PID 25380 (/Users/danaimunjemu/Downloads/sla-v3/target/classes started by danaimunjemu in /Users/danaimunjemu/Downloads/sla-v3)
[33m[2024-07-06 11:51:07.993][0;39m [39mDEBUG[0;39m
                [[36msla-service[0;39m, [39mtraceId[0;39m=[31mNONE[0;39m, [39mspanId[0;39m=NONE] - Running with Spring Boot v3.3.1, Spring v6.1.10
[33m[2024-07-06 11:51:07.993][0;39m [34mINFO [0;39m
                [[36msla-service[0;39m, [34mtraceId[0;39m=[31mNONE[0;39m, [34mspanId[0;39m=NONE] - No active profile set, falling back to 1 default profile: "default"
[33m[2024-07-06 11:51:08.493][0;39m [34mINFO [0;39m
                [[36msla-service[0;39m, [34mtraceId[0;39m=[31mNONE[0;39m, [34mspanId[0;39m=NONE] - Bootstrapping Spring Data JPA repositories in DEFAULT mode.
[33m[2024-07-06 11:51:08.507][0;39m [34mINFO [0;39m
                [[36msla-service[0;39m, [34mtraceId[0;39m=[31mNONE[0;39m, [34mspanId[0;39m=NONE] - Finished Spring Data repository scanning in 9 ms. Found 0 JPA repository interfaces.
[33m[2024-07-06 11:51:09.025][0;39m [34mINFO [0;39m
                [[36msla-service[0;39m, [34mtraceId[0;39m=[31mNONE[0;39m, [34mspanId[0;39m=NONE] - Tomcat initialized with port 8076 (http)
[33m[2024-07-06 11:51:09.066][0;39m [34mINFO [0;39m
                [[36msla-service[0;39m, [34mtraceId[0;39m=[31mNONE[0;39m, [34mspanId[0;39m=NONE] - Initializing ProtocolHandler ["http-nio-8076"]
[33m[2024-07-06 11:51:09.067][0;39m [34mINFO [0;39m
                [[36msla-service[0;39m, [34mtraceId[0;39m=[31mNONE[0;39m, [34mspanId[0;39m=NONE] - Starting service [Tomcat]
[33m[2024-07-06 11:51:09.067][0;39m [34mINFO [0;39m
                [[36msla-service[0;39m, [34mtraceId[0;39m=[31mNONE[0;39m, [34mspanId[0;39m=NONE] - Starting Servlet engine: [Apache Tomcat/10.1.25]
[33m[2024-07-06 11:51:09.108][0;39m [34mINFO [0;39m
                [[36msla-service[0;39m, [34mtraceId[0;39m=[31mNONE[0;39m, [34mspanId[0;39m=NONE] - Initializing Spring embedded WebApplicationContext
[33m[2024-07-06 11:51:09.108][0;39m [34mINFO [0;39m
                [[36msla-service[0;39m, [34mtraceId[0;39m=[31mNONE[0;39m, [34mspanId[0;39m=NONE] - Root WebApplicationContext: initialization completed in 1091 ms
[33m[2024-07-06 11:51:09.226][0;39m [39mDEBUG[0;39m
                [[36msla-service[0;39m, [39mtraceId[0;39m=[31mNONE[0;39m, [39mspanId[0;39m=NONE] - Filter 'corsFilterConfig' configured for use
[33m[2024-07-06 11:51:09.281][0;39m [34mINFO [0;39m
                [[36msla-service[0;39m, [34mtraceId[0;39m=[31mNONE[0;39m, [34mspanId[0;39m=NONE] - HikariPool-1 - Starting...
[33m[2024-07-06 11:51:09.926][0;39m [34mINFO [0;39m
                [[36msla-service[0;39m, [34mtraceId[0;39m=[31mNONE[0;39m, [34mspanId[0;39m=NONE] - HikariPool-1 - Added connection org.postgresql.jdbc.PgConnection@5ba184fc
[33m[2024-07-06 11:51:09.927][0;39m [34mINFO [0;39m
                [[36msla-service[0;39m, [34mtraceId[0;39m=[31mNONE[0;39m, [34mspanId[0;39m=NONE] - HikariPool-1 - Start completed.
[33m[2024-07-06 11:51:10.302][0;39m [34mINFO [0;39m
                [[36msla-service[0;39m, [34mtraceId[0;39m=[31mNONE[0;39m, [34mspanId[0;39m=NONE] - Set default schema name to public
[33m[2024-07-06 11:51:10.420][0;39m [34mINFO [0;39m
                [[36msla-service[0;39m, [34mtraceId[0;39m=[31mNONE[0;39m, [34mspanId[0;39m=NONE] - Reading resource: liquibase/changelogs/06-01-changelog.yaml
[33m[2024-07-06 11:51:10.542][0;39m [34mINFO [0;39m
                [[36msla-service[0;39m, [34mtraceId[0;39m=[31mNONE[0;39m, [34mspanId[0;39m=NONE] - Reading from public.databasechangelog
[33m[2024-07-06 11:51:10.587][0;39m [34mINFO [0;39m
                [[36msla-service[0;39m, [34mtraceId[0;39m=[31mNONE[0;39m, [34mspanId[0;39m=NONE] - Database is up to date, no changesets to execute
[33m[2024-07-06 11:51:10.587][0;39m [34mINFO [0;39m
                [[36msla-service[0;39m, [34mtraceId[0;39m=[31mNONE[0;39m, [34mspanId[0;39m=NONE] - Reading from public.databasechangelog
[33m[2024-07-06 11:51:10.591][0;39m [34mINFO [0;39m
                [[36msla-service[0;39m, [34mtraceId[0;39m=[31mNONE[0;39m, [34mspanId[0;39m=NONE] - UPDATE SUMMARY
[33m[2024-07-06 11:51:10.591][0;39m [34mINFO [0;39m
                [[36msla-service[0;39m, [34mtraceId[0;39m=[31mNONE[0;39m, [34mspanId[0;39m=NONE] - Run:                          0
[33m[2024-07-06 11:51:10.591][0;39m [34mINFO [0;39m
                [[36msla-service[0;39m, [34mtraceId[0;39m=[31mNONE[0;39m, [34mspanId[0;39m=NONE] - Previously run:               8
[33m[2024-07-06 11:51:10.591][0;39m [34mINFO [0;39m
                [[36msla-service[0;39m, [34mtraceId[0;39m=[31mNONE[0;39m, [34mspanId[0;39m=NONE] - Filtered out:                 0
[33m[2024-07-06 11:51:10.591][0;39m [34mINFO [0;39m
                [[36msla-service[0;39m, [34mtraceId[0;39m=[31mNONE[0;39m, [34mspanId[0;39m=NONE] - -------------------------------
[33m[2024-07-06 11:51:10.591][0;39m [34mINFO [0;39m
                [[36msla-service[0;39m, [34mtraceId[0;39m=[31mNONE[0;39m, [34mspanId[0;39m=NONE] - Total change sets:            8
[33m[2024-07-06 11:51:10.592][0;39m [34mINFO [0;39m
                [[36msla-service[0;39m, [34mtraceId[0;39m=[31mNONE[0;39m, [34mspanId[0;39m=NONE] - Update summary generated
[33m[2024-07-06 11:51:10.629][0;39m [34mINFO [0;39m
                [[36msla-service[0;39m, [34mtraceId[0;39m=[31mNONE[0;39m, [34mspanId[0;39m=NONE] - Successfully released change log lock
[33m[2024-07-06 11:51:10.630][0;39m [34mINFO [0;39m
                [[36msla-service[0;39m, [34mtraceId[0;39m=[31mNONE[0;39m, [34mspanId[0;39m=NONE] - Command execution complete
[33m[2024-07-06 11:51:10.691][0;39m [34mINFO [0;39m
                [[36msla-service[0;39m, [34mtraceId[0;39m=[31mNONE[0;39m, [34mspanId[0;39m=NONE] - HHH000204: Processing PersistenceUnitInfo [name: default]
[33m[2024-07-06 11:51:10.735][0;39m [34mINFO [0;39m
                [[36msla-service[0;39m, [34mtraceId[0;39m=[31mNONE[0;39m, [34mspanId[0;39m=NONE] - HHH000412: Hibernate ORM core version 6.5.2.Final
[33m[2024-07-06 11:51:10.753][0;39m [34mINFO [0;39m
                [[36msla-service[0;39m, [34mtraceId[0;39m=[31mNONE[0;39m, [34mspanId[0;39m=NONE] - HHH000026: Second-level cache disabled
[33m[2024-07-06 11:51:10.908][0;39m [34mINFO [0;39m
                [[36msla-service[0;39m, [34mtraceId[0;39m=[31mNONE[0;39m, [34mspanId[0;39m=NONE] - No LoadTimeWeaver setup: ignoring JPA class transformer
[33m[2024-07-06 11:51:11.467][0;39m [34mINFO [0;39m
                [[36msla-service[0;39m, [34mtraceId[0;39m=[31mNONE[0;39m, [34mspanId[0;39m=NONE] - HHH000489: No JTA platform available (set 'hibernate.transaction.jta.platform' to enable JTA platform integration)
[33m[2024-07-06 11:51:11.468][0;39m [34mINFO [0;39m
                [[36msla-service[0;39m, [34mtraceId[0;39m=[31mNONE[0;39m, [34mspanId[0;39m=NONE] - Initialized JPA EntityManagerFactory for persistence unit 'default'
[33m[2024-07-06 11:51:11.481][0;39m [31mWARN [0;39m
                [[36msla-service[0;39m, [31mtraceId[0;39m=[31mNONE[0;39m, [31mspanId[0;39m=NONE] - spring.jpa.open-in-view is enabled by default. Therefore, database queries may be performed during view rendering. Explicitly configure spring.jpa.open-in-view to disable this warning
[33m[2024-07-06 11:51:12.010][0;39m [34mINFO [0;39m
                [[36msla-service[0;39m, [34mtraceId[0;39m=[31mNONE[0;39m, [34mspanId[0;39m=NONE] - Exposing 16 endpoints beneath base path '/actuator'
[33m[2024-07-06 11:51:12.053][0;39m [34mINFO [0;39m
                [[36msla-service[0;39m, [34mtraceId[0;39m=[31mNONE[0;39m, [34mspanId[0;39m=NONE] - Starting ProtocolHandler ["http-nio-8076"]
[33m[2024-07-06 11:51:12.060][0;39m [34mINFO [0;39m
                [[36msla-service[0;39m, [34mtraceId[0;39m=[31mNONE[0;39m, [34mspanId[0;39m=NONE] - Tomcat started on port 8076 (http) with context path '/api/sla'
[33m[2024-07-06 11:51:12.071][0;39m [34mINFO [0;39m
                [[36msla-service[0;39m, [34mtraceId[0;39m=[31mNONE[0;39m, [34mspanId[0;39m=NONE] - Started SlaApplication in 4.307 seconds (process running for 4.827)
[33m[2024-07-06 11:51:12.347][0;39m [34mINFO [0;39m
                [[36msla-service[0;39m, [34mtraceId[0;39m=[31mNONE[0;39m, [34mspanId[0;39m=NONE] - Initializing Spring DispatcherServlet 'dispatcherServlet'
[33m[2024-07-06 11:51:12.347][0;39m [34mINFO [0;39m
                [[36msla-service[0;39m, [34mtraceId[0;39m=[31mNONE[0;39m, [34mspanId[0;39m=NONE] - Initializing Servlet 'dispatcherServlet'
[33m[2024-07-06 11:51:12.348][0;39m [34mINFO [0;39m
                [[36msla-service[0;39m, [34mtraceId[0;39m=[31mNONE[0;39m, [34mspanId[0;39m=NONE] - Completed initialization in 1 ms
[33m[2024-07-06 11:57:33.876][0;39m [1;31mERROR[0;39m
                [[36msla-service[0;39m, [1;31mtraceId[0;39m=[31mNONE[0;39m, [1;31mspanId[0;39m=NONE] - Closing session due to exception for StandardWebSocketSession[id=3e76ee38-6ea3-7f93-0c72-75c86ae1d89b, uri=ws://localhost:8076/api/sla/stocks]
java.io.IOException: java.io.IOException: Broken pipe
	at org.apache.tomcat.websocket.WsRemoteEndpointImplBase.sendMessageBlockInternal(WsRemoteEndpointImplBase.java:326)
	at org.apache.tomcat.websocket.WsRemoteEndpointImplBase.sendMessageBlock(WsRemoteEndpointImplBase.java:266)
	at org.apache.tomcat.websocket.WsRemoteEndpointImplBase.sendMessageBlock(WsRemoteEndpointImplBase.java:250)
	at org.apache.tomcat.websocket.WsRemoteEndpointImplBase.sendPartialString(WsRemoteEndpointImplBase.java:223)
	at org.apache.tomcat.websocket.WsRemoteEndpointBasic.sendText(WsRemoteEndpointBasic.java:48)
	at org.springframework.web.socket.adapter.standard.StandardWebSocketSession.sendTextMessage(StandardWebSocketSession.java:217)
	at org.springframework.web.socket.adapter.AbstractWebSocketSession.sendMessage(AbstractWebSocketSession.java:108)
	at zw.co.afc.orbit.sla.service.TradeWebSocketHandler.afterConnectionEstablished(TradeWebSocketHandler.java:43)
	at org.springframework.web.socket.handler.WebSocketHandlerDecorator.afterConnectionEstablished(WebSocketHandlerDecorator.java:70)
	at org.springframework.web.socket.handler.LoggingWebSocketHandlerDecorator.afterConnectionEstablished(LoggingWebSocketHandlerDecorator.java:48)
	at org.springframework.web.socket.handler.ExceptionWebSocketHandlerDecorator.afterConnectionEstablished(ExceptionWebSocketHandlerDecorator.java:48)
	at org.springframework.web.socket.adapter.standard.StandardWebSocketHandlerAdapter.onOpen(StandardWebSocketHandlerAdapter.java:103)
	at org.apache.tomcat.websocket.server.WsHttpUpgradeHandler.init(WsHttpUpgradeHandler.java:131)
	at org.apache.coyote.AbstractProtocol$ConnectionHandler.process(AbstractProtocol.java:946)
	at org.apache.tomcat.util.net.NioEndpoint$SocketProcessor.doRun(NioEndpoint.java:1741)
	at org.apache.tomcat.util.net.SocketProcessorBase.run(SocketProcessorBase.java:52)
	at org.apache.tomcat.util.threads.ThreadPoolExecutor.runWorker(ThreadPoolExecutor.java:1190)
	at org.apache.tomcat.util.threads.ThreadPoolExecutor$Worker.run(ThreadPoolExecutor.java:659)
	at org.apache.tomcat.util.threads.TaskThread$WrappingRunnable.run(TaskThread.java:63)
	at java.base/java.lang.Thread.run(Thread.java:1589)
Caused by: java.io.IOException: Broken pipe
	at java.base/sun.nio.ch.FileDispatcherImpl.writev0(Native Method)
	at java.base/sun.nio.ch.SocketDispatcher.writev(SocketDispatcher.java:66)
	at java.base/sun.nio.ch.IOUtil.write(IOUtil.java:226)
	at java.base/sun.nio.ch.IOUtil.write(IOUtil.java:157)
	at java.base/sun.nio.ch.SocketChannelImpl.write(SocketChannelImpl.java:574)
	at org.apache.tomcat.util.net.NioChannel.write(NioChannel.java:134)
	at org.apache.tomcat.util.net.NioEndpoint$NioSocketWrapper$NioOperationState.run(NioEndpoint.java:1632)
	at org.apache.tomcat.util.net.SocketWrapperBase$OperationState.start(SocketWrapperBase.java:1051)
	at org.apache.tomcat.util.net.SocketWrapperBase.vectoredOperation(SocketWrapperBase.java:1440)
	at org.apache.tomcat.util.net.SocketWrapperBase.write(SocketWrapperBase.java:1366)
	at org.apache.tomcat.util.net.SocketWrapperBase.write(SocketWrapperBase.java:1337)
	at org.apache.tomcat.websocket.server.WsRemoteEndpointImplServer.doWrite(WsRemoteEndpointImplServer.java:171)
	at org.apache.tomcat.websocket.WsRemoteEndpointImplBase.writeMessagePart(WsRemoteEndpointImplBase.java:521)
	at org.apache.tomcat.websocket.WsRemoteEndpointImplBase.sendMessageBlockInternal(WsRemoteEndpointImplBase.java:313)
	... 19 common frames omitted
[33m[2024-07-06 13:06:56.393][0;39m [31mWARN [0;39m
                [[36msla-service[0;39m, [31mtraceId[0;39m=[31mNONE[0;39m, [31mspanId[0;39m=NONE] - HikariPool-1 - Thread starvation or clock leap detected (housekeeper delta=6m15s204ms).
[33m[2024-07-06 13:59:34.065][0;39m [31mWARN [0;39m
                [[36msla-service[0;39m, [31mtraceId[0;39m=[31mNONE[0;39m, [31mspanId[0;39m=NONE] - HikariPool-1 - Thread starvation or clock leap detected (housekeeper delta=52m37s789ms).
[33m[2024-07-06 15:02:13.474][0;39m [31mWARN [0;39m
                [[36msla-service[0;39m, [31mtraceId[0;39m=[31mNONE[0;39m, [31mspanId[0;39m=NONE] - HikariPool-1 - Thread starvation or clock leap detected (housekeeper delta=1h2m39s409ms).
[33m[2024-07-06 17:04:08.638][0;39m [31mWARN [0;39m
                [[36msla-service[0;39m, [31mtraceId[0;39m=[31mNONE[0;39m, [31mspanId[0;39m=NONE] - HikariPool-1 - Thread starvation or clock leap detected (housekeeper delta=2h1m55s164ms).
[33m[2024-07-06 17:59:55.243][0;39m [31mWARN [0;39m
                [[36msla-service[0;39m, [31mtraceId[0;39m=[31mNONE[0;39m, [31mspanId[0;39m=NONE] - HikariPool-1 - Thread starvation or clock leap detected (housekeeper delta=55m46s604ms).
[33m[2024-07-06 18:09:24.931][0;39m [31mWARN [0;39m
                [[36msla-service[0;39m, [31mtraceId[0;39m=[31mNONE[0;39m, [31mspanId[0;39m=NONE] - HikariPool-1 - Retrograde clock change detected (housekeeper delta=29s481ms), soft-evicting connections from pool.
[33m[2024-07-06 20:24:19.892][0;39m [31mWARN [0;39m
                [[36msla-service[0;39m, [31mtraceId[0;39m=[31mNONE[0;39m, [31mspanId[0;39m=NONE] - HikariPool-1 - Thread starvation or clock leap detected (housekeeper delta=22m23s129ms).
[33m[2024-07-06 20:46:11.738][0;39m [34mINFO [0;39m
                [[36msla-service[0;39m, [34mtraceId[0;39m=[31mNONE[0;39m, [34mspanId[0;39m=NONE] - Closing JPA EntityManagerFactory for persistence unit 'default'
[33m[2024-07-06 20:46:11.805][0;39m [34mINFO [0;39m
                [[36msla-service[0;39m, [34mtraceId[0;39m=[31mNONE[0;39m, [34mspanId[0;39m=NONE] - HikariPool-1 - Shutdown initiated...
[33m[2024-07-06 20:46:11.816][0;39m [34mINFO [0;39m
                [[36msla-service[0;39m, [34mtraceId[0;39m=[31mNONE[0;39m, [34mspanId[0;39m=NONE] - HikariPool-1 - Shutdown completed.
