[33m[2024-07-08 15:42:09.578][0;39m [34mINFO [0;39m
                [[36msla-service[0;39m, [34mtraceId[0;39m=[31mNONE[0;39m, [34mspanId[0;39m=NONE] - Starting SlaApplication using Java 19.0.1 with PID 87683 (/Users/danaimunjemu/Downloads/sla-v3/target/classes started by danaimunjemu in /Users/danaimunjemu/Downloads/sla-v3)
[33m[2024-07-08 15:42:09.578][0;39m [39mDEBUG[0;39m
                [[36msla-service[0;39m, [39mtraceId[0;39m=[31mNONE[0;39m, [39mspanId[0;39m=NONE] - Running with Spring Boot v3.3.1, Spring v6.1.10
[33m[2024-07-08 15:42:09.579][0;39m [34mINFO [0;39m
                [[36msla-service[0;39m, [34mtraceId[0;39m=[31mNONE[0;39m, [34mspanId[0;39m=NONE] - No active profile set, falling back to 1 default profile: "default"
[33m[2024-07-08 15:42:10.130][0;39m [34mINFO [0;39m
                [[36msla-service[0;39m, [34mtraceId[0;39m=[31mNONE[0;39m, [34mspanId[0;39m=NONE] - Bootstrapping Spring Data JPA repositories in DEFAULT mode.
[33m[2024-07-08 15:42:10.141][0;39m [34mINFO [0;39m
                [[36msla-service[0;39m, [34mtraceId[0;39m=[31mNONE[0;39m, [34mspanId[0;39m=NONE] - Finished Spring Data repository scanning in 7 ms. Found 0 JPA repository interfaces.
[33m[2024-07-08 15:42:10.546][0;39m [34mINFO [0;39m
                [[36msla-service[0;39m, [34mtraceId[0;39m=[31mNONE[0;39m, [34mspanId[0;39m=NONE] - Tomcat initialized with port 8076 (http)
[33m[2024-07-08 15:42:10.552][0;39m [34mINFO [0;39m
                [[36msla-service[0;39m, [34mtraceId[0;39m=[31mNONE[0;39m, [34mspanId[0;39m=NONE] - Initializing ProtocolHandler ["http-nio-8076"]
[33m[2024-07-08 15:42:10.553][0;39m [34mINFO [0;39m
                [[36msla-service[0;39m, [34mtraceId[0;39m=[31mNONE[0;39m, [34mspanId[0;39m=NONE] - Starting service [Tomcat]
[33m[2024-07-08 15:42:10.553][0;39m [34mINFO [0;39m
                [[36msla-service[0;39m, [34mtraceId[0;39m=[31mNONE[0;39m, [34mspanId[0;39m=NONE] - Starting Servlet engine: [Apache Tomcat/10.1.25]
[33m[2024-07-08 15:42:10.600][0;39m [34mINFO [0;39m
                [[36msla-service[0;39m, [34mtraceId[0;39m=[31mNONE[0;39m, [34mspanId[0;39m=NONE] - Initializing Spring embedded WebApplicationContext
[33m[2024-07-08 15:42:10.600][0;39m [34mINFO [0;39m
                [[36msla-service[0;39m, [34mtraceId[0;39m=[31mNONE[0;39m, [34mspanId[0;39m=NONE] - Root WebApplicationContext: initialization completed in 987 ms
[33m[2024-07-08 15:42:10.760][0;39m [39mDEBUG[0;39m
                [[36msla-service[0;39m, [39mtraceId[0;39m=[31mNONE[0;39m, [39mspanId[0;39m=NONE] - Filter 'corsFilterConfig' configured for use
[33m[2024-07-08 15:42:10.821][0;39m [34mINFO [0;39m
                [[36msla-service[0;39m, [34mtraceId[0;39m=[31mNONE[0;39m, [34mspanId[0;39m=NONE] - HikariPool-1 - Starting...
[33m[2024-07-08 15:42:11.479][0;39m [34mINFO [0;39m
                [[36msla-service[0;39m, [34mtraceId[0;39m=[31mNONE[0;39m, [34mspanId[0;39m=NONE] - HikariPool-1 - Added connection org.postgresql.jdbc.PgConnection@17d76ebb
[33m[2024-07-08 15:42:11.479][0;39m [34mINFO [0;39m
                [[36msla-service[0;39m, [34mtraceId[0;39m=[31mNONE[0;39m, [34mspanId[0;39m=NONE] - HikariPool-1 - Start completed.
[33m[2024-07-08 15:42:11.581][0;39m [34mINFO [0;39m
                [[36msla-service[0;39m, [34mtraceId[0;39m=[31mNONE[0;39m, [34mspanId[0;39m=NONE] - Set default schema name to public
[33m[2024-07-08 15:42:11.726][0;39m [34mINFO [0;39m
                [[36msla-service[0;39m, [34mtraceId[0;39m=[31mNONE[0;39m, [34mspanId[0;39m=NONE] - Reading resource: liquibase/changelogs/08-01-changelog.yaml
[33m[2024-07-08 15:42:11.776][0;39m [34mINFO [0;39m
                [[36msla-service[0;39m, [34mtraceId[0;39m=[31mNONE[0;39m, [34mspanId[0;39m=NONE] - Creating database history table with name: public.databasechangelog
[33m[2024-07-08 15:42:11.826][0;39m [34mINFO [0;39m
                [[36msla-service[0;39m, [34mtraceId[0;39m=[31mNONE[0;39m, [34mspanId[0;39m=NONE] - Reading from public.databasechangelog
[33m[2024-07-08 15:42:12.055][0;39m [34mINFO [0;39m
                [[36msla-service[0;39m, [34mtraceId[0;39m=[31mNONE[0;39m, [34mspanId[0;39m=NONE] - Successfully acquired change log lock
[33m[2024-07-08 15:42:12.056][0;39m [34mINFO [0;39m
                [[36msla-service[0;39m, [34mtraceId[0;39m=[31mNONE[0;39m, [34mspanId[0;39m=NONE] - Using deploymentId: 0446132056
[33m[2024-07-08 15:42:12.058][0;39m [34mINFO [0;39m
                [[36msla-service[0;39m, [34mtraceId[0;39m=[31mNONE[0;39m, [34mspanId[0;39m=NONE] - Reading from public.databasechangelog
[33m[2024-07-08 15:42:12.080][0;39m [34mINFO [0;39m
                [[36msla-service[0;39m, [34mtraceId[0;39m=[31mNONE[0;39m, [34mspanId[0;39m=NONE] - Running Changeset: liquibase/changelogs/08-01-changelog.yaml::1720446109412-1::danaimunjemu (generated)
[33m[2024-07-08 15:42:12.172][0;39m [34mINFO [0;39m
                [[36msla-service[0;39m, [34mtraceId[0;39m=[31mNONE[0;39m, [34mspanId[0;39m=NONE] - Table agreement created
[33m[2024-07-08 15:42:12.173][0;39m [34mINFO [0;39m
                [[36msla-service[0;39m, [34mtraceId[0;39m=[31mNONE[0;39m, [34mspanId[0;39m=NONE] - ChangeSet liquibase/changelogs/08-01-changelog.yaml::1720446109412-1::danaimunjemu (generated) ran successfully in 92ms
[33m[2024-07-08 15:42:12.198][0;39m [34mINFO [0;39m
                [[36msla-service[0;39m, [34mtraceId[0;39m=[31mNONE[0;39m, [34mspanId[0;39m=NONE] - Running Changeset: liquibase/changelogs/08-01-changelog.yaml::1720446109412-2::danaimunjemu (generated)
[33m[2024-07-08 15:42:12.232][0;39m [34mINFO [0;39m
                [[36msla-service[0;39m, [34mtraceId[0;39m=[31mNONE[0;39m, [34mspanId[0;39m=NONE] - Table agreement_agreement_details created
[33m[2024-07-08 15:42:12.233][0;39m [34mINFO [0;39m
                [[36msla-service[0;39m, [34mtraceId[0;39m=[31mNONE[0;39m, [34mspanId[0;39m=NONE] - ChangeSet liquibase/changelogs/08-01-changelog.yaml::1720446109412-2::danaimunjemu (generated) ran successfully in 35ms
[33m[2024-07-08 15:42:12.245][0;39m [34mINFO [0;39m
                [[36msla-service[0;39m, [34mtraceId[0;39m=[31mNONE[0;39m, [34mspanId[0;39m=NONE] - Running Changeset: liquibase/changelogs/08-01-changelog.yaml::1720446109412-3::danaimunjemu (generated)
[33m[2024-07-08 15:42:12.248][0;39m [34mINFO [0;39m
                [[36msla-service[0;39m, [34mtraceId[0;39m=[31mNONE[0;39m, [34mspanId[0;39m=NONE] - Table contract created
[33m[2024-07-08 15:42:12.249][0;39m [34mINFO [0;39m
                [[36msla-service[0;39m, [34mtraceId[0;39m=[31mNONE[0;39m, [34mspanId[0;39m=NONE] - ChangeSet liquibase/changelogs/08-01-changelog.yaml::1720446109412-3::danaimunjemu (generated) ran successfully in 4ms
[33m[2024-07-08 15:42:12.252][0;39m [34mINFO [0;39m
                [[36msla-service[0;39m, [34mtraceId[0;39m=[31mNONE[0;39m, [34mspanId[0;39m=NONE] - Running Changeset: liquibase/changelogs/08-01-changelog.yaml::1720446109412-4::danaimunjemu (generated)
[33m[2024-07-08 15:42:12.296][0;39m [34mINFO [0;39m
                [[36msla-service[0;39m, [34mtraceId[0;39m=[31mNONE[0;39m, [34mspanId[0;39m=NONE] - Table record created
[33m[2024-07-08 15:42:12.297][0;39m [34mINFO [0;39m
                [[36msla-service[0;39m, [34mtraceId[0;39m=[31mNONE[0;39m, [34mspanId[0;39m=NONE] - ChangeSet liquibase/changelogs/08-01-changelog.yaml::1720446109412-4::danaimunjemu (generated) ran successfully in 45ms
[33m[2024-07-08 15:42:12.301][0;39m [34mINFO [0;39m
                [[36msla-service[0;39m, [34mtraceId[0;39m=[31mNONE[0;39m, [34mspanId[0;39m=NONE] - Running Changeset: liquibase/changelogs/08-01-changelog.yaml::1720446109412-5::danaimunjemu (generated)
[33m[2024-07-08 15:42:12.317][0;39m [34mINFO [0;39m
                [[36msla-service[0;39m, [34mtraceId[0;39m=[31mNONE[0;39m, [34mspanId[0;39m=NONE] - Table service created
[33m[2024-07-08 15:42:12.318][0;39m [34mINFO [0;39m
                [[36msla-service[0;39m, [34mtraceId[0;39m=[31mNONE[0;39m, [34mspanId[0;39m=NONE] - ChangeSet liquibase/changelogs/08-01-changelog.yaml::1720446109412-5::danaimunjemu (generated) ran successfully in 17ms
[33m[2024-07-08 15:42:12.322][0;39m [34mINFO [0;39m
                [[36msla-service[0;39m, [34mtraceId[0;39m=[31mNONE[0;39m, [34mspanId[0;39m=NONE] - Running Changeset: liquibase/changelogs/08-01-changelog.yaml::1720446109412-6::danaimunjemu (generated)
[33m[2024-07-08 15:42:12.332][0;39m [34mINFO [0;39m
                [[36msla-service[0;39m, [34mtraceId[0;39m=[31mNONE[0;39m, [34mspanId[0;39m=NONE] - Table sla created
[33m[2024-07-08 15:42:12.334][0;39m [34mINFO [0;39m
                [[36msla-service[0;39m, [34mtraceId[0;39m=[31mNONE[0;39m, [34mspanId[0;39m=NONE] - ChangeSet liquibase/changelogs/08-01-changelog.yaml::1720446109412-6::danaimunjemu (generated) ran successfully in 12ms
[33m[2024-07-08 15:42:12.338][0;39m [34mINFO [0;39m
                [[36msla-service[0;39m, [34mtraceId[0;39m=[31mNONE[0;39m, [34mspanId[0;39m=NONE] - Running Changeset: liquibase/changelogs/08-01-changelog.yaml::1720446109412-7::danaimunjemu (generated)
[33m[2024-07-08 15:42:12.437][0;39m [34mINFO [0;39m
                [[36msla-service[0;39m, [34mtraceId[0;39m=[31mNONE[0;39m, [34mspanId[0;39m=NONE] - Table slaviolation created
[33m[2024-07-08 15:42:12.438][0;39m [34mINFO [0;39m
                [[36msla-service[0;39m, [34mtraceId[0;39m=[31mNONE[0;39m, [34mspanId[0;39m=NONE] - ChangeSet liquibase/changelogs/08-01-changelog.yaml::1720446109412-7::danaimunjemu (generated) ran successfully in 100ms
[33m[2024-07-08 15:42:12.440][0;39m [34mINFO [0;39m
                [[36msla-service[0;39m, [34mtraceId[0;39m=[31mNONE[0;39m, [34mspanId[0;39m=NONE] - Running Changeset: liquibase/changelogs/08-01-changelog.yaml::1720446109412-8::danaimunjemu (generated)
[33m[2024-07-08 15:42:12.566][0;39m [34mINFO [0;39m
                [[36msla-service[0;39m, [34mtraceId[0;39m=[31mNONE[0;39m, [34mspanId[0;39m=NONE] - Foreign key constraint added to agreement (sla_id)
[33m[2024-07-08 15:42:12.567][0;39m [34mINFO [0;39m
                [[36msla-service[0;39m, [34mtraceId[0;39m=[31mNONE[0;39m, [34mspanId[0;39m=NONE] - ChangeSet liquibase/changelogs/08-01-changelog.yaml::1720446109412-8::danaimunjemu (generated) ran successfully in 127ms
[33m[2024-07-08 15:42:12.601][0;39m [34mINFO [0;39m
                [[36msla-service[0;39m, [34mtraceId[0;39m=[31mNONE[0;39m, [34mspanId[0;39m=NONE] - Running Changeset: liquibase/changelogs/08-01-changelog.yaml::1720446109412-9::danaimunjemu (generated)
[33m[2024-07-08 15:42:12.606][0;39m [34mINFO [0;39m
                [[36msla-service[0;39m, [34mtraceId[0;39m=[31mNONE[0;39m, [34mspanId[0;39m=NONE] - Foreign key constraint added to contract (record_id)
[33m[2024-07-08 15:42:12.606][0;39m [34mINFO [0;39m
                [[36msla-service[0;39m, [34mtraceId[0;39m=[31mNONE[0;39m, [34mspanId[0;39m=NONE] - ChangeSet liquibase/changelogs/08-01-changelog.yaml::1720446109412-9::danaimunjemu (generated) ran successfully in 5ms
[33m[2024-07-08 15:42:12.609][0;39m [34mINFO [0;39m
                [[36msla-service[0;39m, [34mtraceId[0;39m=[31mNONE[0;39m, [34mspanId[0;39m=NONE] - Running Changeset: liquibase/changelogs/08-01-changelog.yaml::1720446109412-10::danaimunjemu (generated)
[33m[2024-07-08 15:42:12.615][0;39m [34mINFO [0;39m
                [[36msla-service[0;39m, [34mtraceId[0;39m=[31mNONE[0;39m, [34mspanId[0;39m=NONE] - Foreign key constraint added to slaviolation (contract_id)
[33m[2024-07-08 15:42:12.623][0;39m [34mINFO [0;39m
                [[36msla-service[0;39m, [34mtraceId[0;39m=[31mNONE[0;39m, [34mspanId[0;39m=NONE] - ChangeSet liquibase/changelogs/08-01-changelog.yaml::1720446109412-10::danaimunjemu (generated) ran successfully in 14ms
[33m[2024-07-08 15:42:12.626][0;39m [34mINFO [0;39m
                [[36msla-service[0;39m, [34mtraceId[0;39m=[31mNONE[0;39m, [34mspanId[0;39m=NONE] - Running Changeset: liquibase/changelogs/08-01-changelog.yaml::1720446109412-11::danaimunjemu (generated)
[33m[2024-07-08 15:42:12.676][0;39m [34mINFO [0;39m
                [[36msla-service[0;39m, [34mtraceId[0;39m=[31mNONE[0;39m, [34mspanId[0;39m=NONE] - Foreign key constraint added to sla (service_id)
[33m[2024-07-08 15:42:12.689][0;39m [34mINFO [0;39m
                [[36msla-service[0;39m, [34mtraceId[0;39m=[31mNONE[0;39m, [34mspanId[0;39m=NONE] - ChangeSet liquibase/changelogs/08-01-changelog.yaml::1720446109412-11::danaimunjemu (generated) ran successfully in 62ms
[33m[2024-07-08 15:42:12.693][0;39m [34mINFO [0;39m
                [[36msla-service[0;39m, [34mtraceId[0;39m=[31mNONE[0;39m, [34mspanId[0;39m=NONE] - Running Changeset: liquibase/changelogs/08-01-changelog.yaml::1720446109412-12::danaimunjemu (generated)
[33m[2024-07-08 15:42:12.698][0;39m [34mINFO [0;39m
                [[36msla-service[0;39m, [34mtraceId[0;39m=[31mNONE[0;39m, [34mspanId[0;39m=NONE] - Foreign key constraint added to agreement_agreement_details (agreement_id)
[33m[2024-07-08 15:42:12.709][0;39m [34mINFO [0;39m
                [[36msla-service[0;39m, [34mtraceId[0;39m=[31mNONE[0;39m, [34mspanId[0;39m=NONE] - ChangeSet liquibase/changelogs/08-01-changelog.yaml::1720446109412-12::danaimunjemu (generated) ran successfully in 16ms
[33m[2024-07-08 15:42:12.717][0;39m [34mINFO [0;39m
                [[36msla-service[0;39m, [34mtraceId[0;39m=[31mNONE[0;39m, [34mspanId[0;39m=NONE] - UPDATE SUMMARY
[33m[2024-07-08 15:42:12.717][0;39m [34mINFO [0;39m
                [[36msla-service[0;39m, [34mtraceId[0;39m=[31mNONE[0;39m, [34mspanId[0;39m=NONE] - Run:                         12
[33m[2024-07-08 15:42:12.717][0;39m [34mINFO [0;39m
                [[36msla-service[0;39m, [34mtraceId[0;39m=[31mNONE[0;39m, [34mspanId[0;39m=NONE] - Previously run:               0
[33m[2024-07-08 15:42:12.717][0;39m [34mINFO [0;39m
                [[36msla-service[0;39m, [34mtraceId[0;39m=[31mNONE[0;39m, [34mspanId[0;39m=NONE] - Filtered out:                 0
[33m[2024-07-08 15:42:12.717][0;39m [34mINFO [0;39m
                [[36msla-service[0;39m, [34mtraceId[0;39m=[31mNONE[0;39m, [34mspanId[0;39m=NONE] - -------------------------------
[33m[2024-07-08 15:42:12.717][0;39m [34mINFO [0;39m
                [[36msla-service[0;39m, [34mtraceId[0;39m=[31mNONE[0;39m, [34mspanId[0;39m=NONE] - Total change sets:           12
[33m[2024-07-08 15:42:12.717][0;39m [34mINFO [0;39m
                [[36msla-service[0;39m, [34mtraceId[0;39m=[31mNONE[0;39m, [34mspanId[0;39m=NONE] - Update summary generated
[33m[2024-07-08 15:42:12.719][0;39m [34mINFO [0;39m
                [[36msla-service[0;39m, [34mtraceId[0;39m=[31mNONE[0;39m, [34mspanId[0;39m=NONE] - Update command completed successfully.
[33m[2024-07-08 15:42:12.719][0;39m [34mINFO [0;39m
                [[36msla-service[0;39m, [34mtraceId[0;39m=[31mNONE[0;39m, [34mspanId[0;39m=NONE] - Liquibase: Update has been successful. Rows affected: 12
[33m[2024-07-08 15:42:12.728][0;39m [34mINFO [0;39m
                [[36msla-service[0;39m, [34mtraceId[0;39m=[31mNONE[0;39m, [34mspanId[0;39m=NONE] - Successfully released change log lock
[33m[2024-07-08 15:42:12.730][0;39m [34mINFO [0;39m
                [[36msla-service[0;39m, [34mtraceId[0;39m=[31mNONE[0;39m, [34mspanId[0;39m=NONE] - Command execution complete
[33m[2024-07-08 15:42:12.847][0;39m [34mINFO [0;39m
                [[36msla-service[0;39m, [34mtraceId[0;39m=[31mNONE[0;39m, [34mspanId[0;39m=NONE] - HHH000204: Processing PersistenceUnitInfo [name: default]
[33m[2024-07-08 15:42:12.884][0;39m [34mINFO [0;39m
                [[36msla-service[0;39m, [34mtraceId[0;39m=[31mNONE[0;39m, [34mspanId[0;39m=NONE] - HHH000412: Hibernate ORM core version 6.5.2.Final
[33m[2024-07-08 15:42:12.904][0;39m [34mINFO [0;39m
                [[36msla-service[0;39m, [34mtraceId[0;39m=[31mNONE[0;39m, [34mspanId[0;39m=NONE] - HHH000026: Second-level cache disabled
[33m[2024-07-08 15:42:13.317][0;39m [34mINFO [0;39m
                [[36msla-service[0;39m, [34mtraceId[0;39m=[31mNONE[0;39m, [34mspanId[0;39m=NONE] - No LoadTimeWeaver setup: ignoring JPA class transformer
[33m[2024-07-08 15:42:15.642][0;39m [34mINFO [0;39m
                [[36msla-service[0;39m, [34mtraceId[0;39m=[31mNONE[0;39m, [34mspanId[0;39m=NONE] - HHH000489: No JTA platform available (set 'hibernate.transaction.jta.platform' to enable JTA platform integration)
[33m[2024-07-08 15:42:15.645][0;39m [34mINFO [0;39m
                [[36msla-service[0;39m, [34mtraceId[0;39m=[31mNONE[0;39m, [34mspanId[0;39m=NONE] - Initialized JPA EntityManagerFactory for persistence unit 'default'
[33m[2024-07-08 15:42:15.694][0;39m [31mWARN [0;39m
                [[36msla-service[0;39m, [31mtraceId[0;39m=[31mNONE[0;39m, [31mspanId[0;39m=NONE] - spring.jpa.open-in-view is enabled by default. Therefore, database queries may be performed during view rendering. Explicitly configure spring.jpa.open-in-view to disable this warning
[33m[2024-07-08 15:42:16.542][0;39m [34mINFO [0;39m
                [[36msla-service[0;39m, [34mtraceId[0;39m=[31mNONE[0;39m, [34mspanId[0;39m=NONE] - Exposing 16 endpoints beneath base path '/actuator'
[33m[2024-07-08 15:42:16.596][0;39m [34mINFO [0;39m
                [[36msla-service[0;39m, [34mtraceId[0;39m=[31mNONE[0;39m, [34mspanId[0;39m=NONE] - Starting ProtocolHandler ["http-nio-8076"]
[33m[2024-07-08 15:42:16.604][0;39m [34mINFO [0;39m
                [[36msla-service[0;39m, [34mtraceId[0;39m=[31mNONE[0;39m, [34mspanId[0;39m=NONE] - Tomcat started on port 8076 (http) with context path '/api/sla'
[33m[2024-07-08 15:42:16.615][0;39m [34mINFO [0;39m
                [[36msla-service[0;39m, [34mtraceId[0;39m=[31mNONE[0;39m, [34mspanId[0;39m=NONE] - Started SlaApplication in 7.258 seconds (process running for 7.778)
[33m[2024-07-08 15:42:17.191][0;39m [34mINFO [0;39m
                [[36msla-service[0;39m, [34mtraceId[0;39m=[31mNONE[0;39m, [34mspanId[0;39m=NONE] - Initializing Spring DispatcherServlet 'dispatcherServlet'
[33m[2024-07-08 15:42:17.191][0;39m [34mINFO [0;39m
                [[36msla-service[0;39m, [34mtraceId[0;39m=[31mNONE[0;39m, [34mspanId[0;39m=NONE] - Initializing Servlet 'dispatcherServlet'
[33m[2024-07-08 15:42:17.193][0;39m [34mINFO [0;39m
                [[36msla-service[0;39m, [34mtraceId[0;39m=[31mNONE[0;39m, [34mspanId[0;39m=NONE] - Completed initialization in 2 ms
[33m[2024-07-08 16:07:41.923][0;39m [31mWARN [0;39m
                [[36msla-service[0;39m, [31mtraceId[0;39m=[31mNONE[0;39m, [31mspanId[0;39m=NONE] - HikariPool-1 - Thread starvation or clock leap detected (housekeeper delta=59s430ms).
[33m[2024-07-08 16:34:02.514][0;39m [31mWARN [0;39m
                [[36msla-service[0;39m, [31mtraceId[0;39m=[31mNONE[0;39m, [31mspanId[0;39m=NONE] - HikariPool-1 - Thread starvation or clock leap detected (housekeeper delta=1m14s211ms).
[33m[2024-07-08 16:37:57.358][0;39m [31mWARN [0;39m
                [[36msla-service[0;39m, [31mtraceId[0;39m=[31mNONE[0;39m, [31mspanId[0;39m=NONE] - HikariPool-1 - Thread starvation or clock leap detected (housekeeper delta=3m54s825ms).
[33m[2024-07-08 17:58:07.997][0;39m [31mWARN [0;39m
                [[36msla-service[0;39m, [31mtraceId[0;39m=[31mNONE[0;39m, [31mspanId[0;39m=NONE] - HikariPool-1 - Thread starvation or clock leap detected (housekeeper delta=1h20m10s686ms).
[33m[2024-07-08 18:34:03.843][0;39m [31mWARN [0;39m
                [[36msla-service[0;39m, [31mtraceId[0;39m=[31mNONE[0;39m, [31mspanId[0;39m=NONE] - HikariPool-1 - Thread starvation or clock leap detected (housekeeper delta=35m55s847ms).
[33m[2024-07-08 18:53:44.813][0;39m [31mWARN [0;39m
                [[36msla-service[0;39m, [31mtraceId[0;39m=[31mNONE[0;39m, [31mspanId[0;39m=NONE] - HikariPool-1 - Thread starvation or clock leap detected (housekeeper delta=19m40s945ms).
[33m[2024-07-08 19:10:23.619][0;39m [31mWARN [0;39m
                [[36msla-service[0;39m, [31mtraceId[0;39m=[31mNONE[0;39m, [31mspanId[0;39m=NONE] - HikariPool-1 - Thread starvation or clock leap detected (housekeeper delta=1m38s363ms).
[33m[2024-07-08 22:54:55.088][0;39m [31mWARN [0;39m
                [[36msla-service[0;39m, [31mtraceId[0;39m=[31mNONE[0;39m, [31mspanId[0;39m=NONE] - HikariPool-1 - Thread starvation or clock leap detected (housekeeper delta=2m56s751ms).
